Build started at 2025-01-21T16:57:09.799260
Main binary: /usr/bin/python3
Build Options: -Dprefix=/home/open5gs/open5gs/install
Python system: Linux
The Meson build system
Version: 0.53.2
Source dir: /home/open5gs/open5gs
Build dir: /home/open5gs/open5gs/build
Build type: native build
Project name: open5gs
Project version: 2.7.2
No CFLAGS in the environment, not changing global flags.
No LDFLAGS in the environment, not changing global flags.
No CPPFLAGS in the environment, not changing global flags.
Sanity testing C compiler: cc
Is cross compiler: False.
Sanity check compiler command line: cc /home/open5gs/open5gs/build/meson-private/sanitycheckc.c -o /home/open5gs/open5gs/build/meson-private/sanitycheckc.exe -pipe -D_FILE_OFFSET_BITS=64
Sanity check compile stdout:

-----
Sanity check compile stderr:

-----
Running test binary command: /home/open5gs/open5gs/build/meson-private/sanitycheckc.exe
C compiler for the build machine: cc (gcc 9.4.0 "cc (Ubuntu 9.4.0-1ubuntu1~20.04.2) 9.4.0")
C linker for the build machine: cc ld.bfd 2.34
No CXXFLAGS in the environment, not changing global flags.
No LDFLAGS in the environment, not changing global flags.
No CPPFLAGS in the environment, not changing global flags.
Sanity testing C++ compiler: c++
Is cross compiler: False.
Sanity check compiler command line: c++ /home/open5gs/open5gs/build/meson-private/sanitycheckcpp.cc -o /home/open5gs/open5gs/build/meson-private/sanitycheckcpp.exe -pipe -D_FILE_OFFSET_BITS=64
Sanity check compile stdout:

-----
Sanity check compile stderr:

-----
Running test binary command: /home/open5gs/open5gs/build/meson-private/sanitycheckcpp.exe
C++ compiler for the build machine: c++ (gcc 9.4.0 "c++ (Ubuntu 9.4.0-1ubuntu1~20.04.2) 9.4.0")
C++ linker for the build machine: c++ ld.bfd 2.34
No CFLAGS in the environment, not changing global flags.
No LDFLAGS in the environment, not changing global flags.
No CPPFLAGS in the environment, not changing global flags.
Sanity testing C compiler: cc
Is cross compiler: False.
Sanity check compiler command line: cc /home/open5gs/open5gs/build/meson-private/sanitycheckc.c -o /home/open5gs/open5gs/build/meson-private/sanitycheckc.exe -pipe -D_FILE_OFFSET_BITS=64
Sanity check compile stdout:

-----
Sanity check compile stderr:

-----
Running test binary command: /home/open5gs/open5gs/build/meson-private/sanitycheckc.exe
C compiler for the host machine: cc (gcc 9.4.0 "cc (Ubuntu 9.4.0-1ubuntu1~20.04.2) 9.4.0")
C linker for the host machine: cc ld.bfd 2.34
No CXXFLAGS in the environment, not changing global flags.
No LDFLAGS in the environment, not changing global flags.
No CPPFLAGS in the environment, not changing global flags.
Sanity testing C++ compiler: c++
Is cross compiler: False.
Sanity check compiler command line: c++ /home/open5gs/open5gs/build/meson-private/sanitycheckcpp.cc -o /home/open5gs/open5gs/build/meson-private/sanitycheckcpp.exe -pipe -D_FILE_OFFSET_BITS=64
Sanity check compile stdout:

-----
Sanity check compile stderr:

-----
Running test binary command: /home/open5gs/open5gs/build/meson-private/sanitycheckcpp.exe
C++ compiler for the host machine: c++ (gcc 9.4.0 "c++ (Ubuntu 9.4.0-1ubuntu1~20.04.2) 9.4.0")
C++ linker for the host machine: c++ ld.bfd 2.34
Build machine cpu family: x86_64
Build machine cpu: x86_64
Host machine cpu family: x86_64
Host machine cpu: x86_64
Target machine cpu family: x86_64
Target machine cpu: x86_64
Program git found: YES (/usr/bin/git)
Program python3 found: YES (/usr/bin/python3)
Program cppcheck found: NO
Program run-clang-tidy found: NO
Program clang-tidy found: NO
Program /usr/bin/python3 found: YES (/usr/bin/python3)
Running compile:
Working directory:  /home/open5gs/open5gs/build/meson-private/tmp2uqo2ctv
Command line:  cc /home/open5gs/open5gs/build/meson-private/tmp2uqo2ctv/testfile.c -o /home/open5gs/open5gs/build/meson-private/tmp2uqo2ctv/output.obj -pipe -c -D_FILE_OFFSET_BITS=64 -O0 -Wextra 

Code:
 int i;

Compiler stdout:
 
Compiler stderr:
 
Compiler for C supports arguments -Wextra: YES 
Running compile:
Working directory:  /home/open5gs/open5gs/build/meson-private/tmpfy37vyh_
Command line:  cc /home/open5gs/open5gs/build/meson-private/tmpfy37vyh_/testfile.c -o /home/open5gs/open5gs/build/meson-private/tmpfy37vyh_/output.obj -pipe -c -D_FILE_OFFSET_BITS=64 -O0 -Wlogical-op 

Code:
 int i;

Compiler stdout:
 
Compiler stderr:
 
Compiler for C supports arguments -Wlogical-op: YES 
Running compile:
Working directory:  /home/open5gs/open5gs/build/meson-private/tmpg9pyrg3s
Command line:  cc /home/open5gs/open5gs/build/meson-private/tmpg9pyrg3s/testfile.c -o /home/open5gs/open5gs/build/meson-private/tmpg9pyrg3s/output.obj -pipe -c -D_FILE_OFFSET_BITS=64 -O0 -Werror=pointer-arith 

Code:
 int i;

Compiler stdout:
 
Compiler stderr:
 
Compiler for C supports arguments -Werror=pointer-arith: YES 
Running compile:
Working directory:  /home/open5gs/open5gs/build/meson-private/tmpfaor0qnn
Command line:  cc /home/open5gs/open5gs/build/meson-private/tmpfaor0qnn/testfile.c -o /home/open5gs/open5gs/build/meson-private/tmpfaor0qnn/output.obj -pipe -c -D_FILE_OFFSET_BITS=64 -O0 -Werror=init-self 

Code:
 int i;

Compiler stdout:
 
Compiler stderr:
 
Compiler for C supports arguments -Werror=init-self: YES 
Running compile:
Working directory:  /home/open5gs/open5gs/build/meson-private/tmpqf24lnpy
Command line:  cc /home/open5gs/open5gs/build/meson-private/tmpqf24lnpy/testfile.c -o /home/open5gs/open5gs/build/meson-private/tmpqf24lnpy/output.obj -pipe -c -D_FILE_OFFSET_BITS=64 -O0 -Wfloat-equal 

Code:
 int i;

Compiler stdout:
 
Compiler stderr:
 
Compiler for C supports arguments -Wfloat-equal: YES 
Running compile:
Working directory:  /home/open5gs/open5gs/build/meson-private/tmp_9iox4vy
Command line:  cc /home/open5gs/open5gs/build/meson-private/tmp_9iox4vy/testfile.c -o /home/open5gs/open5gs/build/meson-private/tmp_9iox4vy/output.obj -pipe -c -D_FILE_OFFSET_BITS=64 -O0 -Wsuggest-attribute=noreturn 

Code:
 int i;

Compiler stdout:
 
Compiler stderr:
 
Compiler for C supports arguments -Wsuggest-attribute=noreturn: YES 
Running compile:
Working directory:  /home/open5gs/open5gs/build/meson-private/tmpsxsqlvjm
Command line:  cc /home/open5gs/open5gs/build/meson-private/tmpsxsqlvjm/testfile.c -o /home/open5gs/open5gs/build/meson-private/tmpsxsqlvjm/output.obj -pipe -c -D_FILE_OFFSET_BITS=64 -O0 -Werror=missing-prototypes 

Code:
 int i;

Compiler stdout:
 
Compiler stderr:
 
Compiler for C supports arguments -Werror=missing-prototypes: YES 
Running compile:
Working directory:  /home/open5gs/open5gs/build/meson-private/tmpynayc4i2
Command line:  cc /home/open5gs/open5gs/build/meson-private/tmpynayc4i2/testfile.c -o /home/open5gs/open5gs/build/meson-private/tmpynayc4i2/output.obj -pipe -c -D_FILE_OFFSET_BITS=64 -O0 -Werror=missing-declarations 

Code:
 int i;

Compiler stdout:
 
Compiler stderr:
 
Compiler for C supports arguments -Werror=missing-declarations: YES 
Running compile:
Working directory:  /home/open5gs/open5gs/build/meson-private/tmp10ac7nc9
Command line:  cc /home/open5gs/open5gs/build/meson-private/tmp10ac7nc9/testfile.c -o /home/open5gs/open5gs/build/meson-private/tmp10ac7nc9/output.obj -pipe -c -D_FILE_OFFSET_BITS=64 -O0 -Werror=implicit-function-declaration 

Code:
 int i;

Compiler stdout:
 
Compiler stderr:
 
Compiler for C supports arguments -Werror=implicit-function-declaration: YES 
Running compile:
Working directory:  /home/open5gs/open5gs/build/meson-private/tmpp6ouffs_
Command line:  cc /home/open5gs/open5gs/build/meson-private/tmpp6ouffs_/testfile.c -o /home/open5gs/open5gs/build/meson-private/tmpp6ouffs_/output.obj -pipe -c -D_FILE_OFFSET_BITS=64 -O0 -Werror=return-type 

Code:
 int i;

Compiler stdout:
 
Compiler stderr:
 
Compiler for C supports arguments -Werror=return-type: YES 
Running compile:
Working directory:  /home/open5gs/open5gs/build/meson-private/tmp00ec43a3
Command line:  cc /home/open5gs/open5gs/build/meson-private/tmp00ec43a3/testfile.c -o /home/open5gs/open5gs/build/meson-private/tmp00ec43a3/output.obj -pipe -c -D_FILE_OFFSET_BITS=64 -O0 -Werror=incompatible-pointer-types 

Code:
 int i;

Compiler stdout:
 
Compiler stderr:
 
Compiler for C supports arguments -Werror=incompatible-pointer-types: YES 
Running compile:
Working directory:  /home/open5gs/open5gs/build/meson-private/tmpul8teenz
Command line:  cc /home/open5gs/open5gs/build/meson-private/tmpul8teenz/testfile.c -o /home/open5gs/open5gs/build/meson-private/tmpul8teenz/output.obj -pipe -c -D_FILE_OFFSET_BITS=64 -O0 -Werror=format=2 

Code:
 int i;

Compiler stdout:
 
Compiler stderr:
 
Compiler for C supports arguments -Werror=format=2: YES 
Running compile:
Working directory:  /home/open5gs/open5gs/build/meson-private/tmpz5wypu2y
Command line:  cc /home/open5gs/open5gs/build/meson-private/tmpz5wypu2y/testfile.c -o /home/open5gs/open5gs/build/meson-private/tmpz5wypu2y/output.obj -pipe -c -D_FILE_OFFSET_BITS=64 -O0 -Wstrict-prototypes 

Code:
 int i;

Compiler stdout:
 
Compiler stderr:
 
Compiler for C supports arguments -Wstrict-prototypes: YES 
Running compile:
Working directory:  /home/open5gs/open5gs/build/meson-private/tmp5nem1_fg
Command line:  cc /home/open5gs/open5gs/build/meson-private/tmp5nem1_fg/testfile.c -o /home/open5gs/open5gs/build/meson-private/tmp5nem1_fg/output.obj -pipe -c -D_FILE_OFFSET_BITS=64 -O0 -Wredundant-decls 

Code:
 int i;

Compiler stdout:
 
Compiler stderr:
 
Compiler for C supports arguments -Wredundant-decls: YES 
Running compile:
Working directory:  /home/open5gs/open5gs/build/meson-private/tmp71rfnt_4
Command line:  cc /home/open5gs/open5gs/build/meson-private/tmp71rfnt_4/testfile.c -o /home/open5gs/open5gs/build/meson-private/tmp71rfnt_4/output.obj -pipe -c -D_FILE_OFFSET_BITS=64 -O0 -Wimplicit-fallthrough=5 

Code:
 int i;

Compiler stdout:
 
Compiler stderr:
 
Compiler for C supports arguments -Wimplicit-fallthrough=5: YES 
Running compile:
Working directory:  /home/open5gs/open5gs/build/meson-private/tmp45nhrczp
Command line:  cc /home/open5gs/open5gs/build/meson-private/tmp45nhrczp/testfile.c -o /home/open5gs/open5gs/build/meson-private/tmp45nhrczp/output.obj -pipe -c -D_FILE_OFFSET_BITS=64 -O0 -Wendif-labels 

Code:
 int i;

Compiler stdout:
 
Compiler stderr:
 
Compiler for C supports arguments -Wendif-labels: YES 
Running compile:
Working directory:  /home/open5gs/open5gs/build/meson-private/tmpvzk678ni
Command line:  cc /home/open5gs/open5gs/build/meson-private/tmpvzk678ni/testfile.c -o /home/open5gs/open5gs/build/meson-private/tmpvzk678ni/output.obj -pipe -c -D_FILE_OFFSET_BITS=64 -O0 -Wstrict-aliasing=3 

Code:
 int i;

Compiler stdout:
 
Compiler stderr:
 
Compiler for C supports arguments -Wstrict-aliasing=3: YES 
Running compile:
Working directory:  /home/open5gs/open5gs/build/meson-private/tmpd3bpebjo
Command line:  cc /home/open5gs/open5gs/build/meson-private/tmpd3bpebjo/testfile.c -o /home/open5gs/open5gs/build/meson-private/tmpd3bpebjo/output.obj -pipe -c -D_FILE_OFFSET_BITS=64 -O0 -Wwrite-strings 

Code:
 int i;

Compiler stdout:
 
Compiler stderr:
 
Compiler for C supports arguments -Wwrite-strings: YES 
Running compile:
Working directory:  /home/open5gs/open5gs/build/meson-private/tmp68m261p3
Command line:  cc /home/open5gs/open5gs/build/meson-private/tmp68m261p3/testfile.c -o /home/open5gs/open5gs/build/meson-private/tmp68m261p3/output.obj -pipe -c -D_FILE_OFFSET_BITS=64 -O0 -Werror=overflow 

Code:
 int i;

Compiler stdout:
 
Compiler stderr:
 
Compiler for C supports arguments -Werror=overflow: YES 
Running compile:
Working directory:  /home/open5gs/open5gs/build/meson-private/tmpqpwi_lnn
Command line:  cc /home/open5gs/open5gs/build/meson-private/tmpqpwi_lnn/testfile.c -o /home/open5gs/open5gs/build/meson-private/tmpqpwi_lnn/output.obj -pipe -c -D_FILE_OFFSET_BITS=64 -O0 -Werror=shift-count-overflow 

Code:
 int i;

Compiler stdout:
 
Compiler stderr:
 
Compiler for C supports arguments -Werror=shift-count-overflow: YES 
Running compile:
Working directory:  /home/open5gs/open5gs/build/meson-private/tmpmm4f3gx4
Command line:  cc /home/open5gs/open5gs/build/meson-private/tmpmm4f3gx4/testfile.c -o /home/open5gs/open5gs/build/meson-private/tmpmm4f3gx4/output.obj -pipe -c -D_FILE_OFFSET_BITS=64 -O0 -Werror=shift-overflow=2 

Code:
 int i;

Compiler stdout:
 
Compiler stderr:
 
Compiler for C supports arguments -Werror=shift-overflow=2: YES 
Running compile:
Working directory:  /home/open5gs/open5gs/build/meson-private/tmp4gepzqqx
Command line:  cc /home/open5gs/open5gs/build/meson-private/tmp4gepzqqx/testfile.c -o /home/open5gs/open5gs/build/meson-private/tmp4gepzqqx/output.obj -pipe -c -D_FILE_OFFSET_BITS=64 -O0 -Wdate-time 

Code:
 int i;

Compiler stdout:
 
Compiler stderr:
 
Compiler for C supports arguments -Wdate-time: YES 
Running compile:
Working directory:  /home/open5gs/open5gs/build/meson-private/tmpyq8mn25o
Command line:  cc /home/open5gs/open5gs/build/meson-private/tmpyq8mn25o/testfile.c -o /home/open5gs/open5gs/build/meson-private/tmpyq8mn25o/output.obj -pipe -c -D_FILE_OFFSET_BITS=64 -O0 -Wnested-externs 

Code:
 int i;

Compiler stdout:
 
Compiler stderr:
 
Compiler for C supports arguments -Wnested-externs: YES 
Running compile:
Working directory:  /home/open5gs/open5gs/build/meson-private/tmp9j2u9wwk
Command line:  cc /home/open5gs/open5gs/build/meson-private/tmp9j2u9wwk/testfile.c -o /home/open5gs/open5gs/build/meson-private/tmp9j2u9wwk/output.obj -pipe -c -D_FILE_OFFSET_BITS=64 -O0 -Wunused 

Code:
 int i;

Compiler stdout:
 
Compiler stderr:
 
Compiler for C supports arguments -Wunused: YES 
Running compile:
Working directory:  /home/open5gs/open5gs/build/meson-private/tmp_xhx160h
Command line:  cc /home/open5gs/open5gs/build/meson-private/tmp_xhx160h/testfile.c -o /home/open5gs/open5gs/build/meson-private/tmp_xhx160h/output.obj -pipe -c -D_FILE_OFFSET_BITS=64 -O0 -Wduplicated-branches 

Code:
 int i;

Compiler stdout:
 
Compiler stderr:
 
Compiler for C supports arguments -Wduplicated-branches: YES 
Running compile:
Working directory:  /home/open5gs/open5gs/build/meson-private/tmp5fd6pilp
Command line:  cc /home/open5gs/open5gs/build/meson-private/tmp5fd6pilp/testfile.c -o /home/open5gs/open5gs/build/meson-private/tmp5fd6pilp/output.obj -pipe -c -D_FILE_OFFSET_BITS=64 -O0 -Wmisleading-indentation 

Code:
 int i;

Compiler stdout:
 
Compiler stderr:
 
Compiler for C supports arguments -Wmisleading-indentation: YES 
Running compile:
Working directory:  /home/open5gs/open5gs/build/meson-private/tmprrj96g2j
Command line:  cc /home/open5gs/open5gs/build/meson-private/tmprrj96g2j/testfile.c -o /home/open5gs/open5gs/build/meson-private/tmprrj96g2j/output.obj -pipe -c -D_FILE_OFFSET_BITS=64 -O0 -Wno-sign-compare -Wsign-compare 

Code:
 int i;

Compiler stdout:
 
Compiler stderr:
 
Compiler for C supports arguments -Wno-sign-compare -Wsign-compare: YES 
Running compile:
Working directory:  /home/open5gs/open5gs/build/meson-private/tmpkbxpgmfy
Command line:  cc /home/open5gs/open5gs/build/meson-private/tmpkbxpgmfy/testfile.c -o /home/open5gs/open5gs/build/meson-private/tmpkbxpgmfy/output.obj -pipe -c -D_FILE_OFFSET_BITS=64 -O0 -Wno-unused-parameter -Wunused-parameter 

Code:
 int i;

Compiler stdout:
 
Compiler stderr:
 
Compiler for C supports arguments -Wno-unused-parameter -Wunused-parameter: YES 
Running compile:
Working directory:  /home/open5gs/open5gs/build/meson-private/tmpud4ioryg
Command line:  cc /home/open5gs/open5gs/build/meson-private/tmpud4ioryg/testfile.c -o /home/open5gs/open5gs/build/meson-private/tmpud4ioryg/output.obj -pipe -c -D_FILE_OFFSET_BITS=64 -O0 -ffast-math 

Code:
 int i;

Compiler stdout:
 
Compiler stderr:
 
Compiler for C supports arguments -ffast-math: YES 
Running compile:
Working directory:  /home/open5gs/open5gs/build/meson-private/tmpniuii5y0
Command line:  cc /home/open5gs/open5gs/build/meson-private/tmpniuii5y0/testfile.c -o /home/open5gs/open5gs/build/meson-private/tmpniuii5y0/output.obj -pipe -c -D_FILE_OFFSET_BITS=64 -O0 -fdiagnostics-show-option 

Code:
 int i;

Compiler stdout:
 
Compiler stderr:
 
Compiler for C supports arguments -fdiagnostics-show-option: YES 
Running compile:
Working directory:  /home/open5gs/open5gs/build/meson-private/tmpy329i_v1
Command line:  cc /home/open5gs/open5gs/build/meson-private/tmpy329i_v1/testfile.c -o /home/open5gs/open5gs/build/meson-private/tmpy329i_v1/output.obj -pipe -c -D_FILE_OFFSET_BITS=64 -O0 -fstack-protector 

Code:
 int i;

Compiler stdout:
 
Compiler stderr:
 
Compiler for C supports arguments -fstack-protector: YES 
Running compile:
Working directory:  /home/open5gs/open5gs/build/meson-private/tmp1_l3gbr1
Command line:  cc /home/open5gs/open5gs/build/meson-private/tmp1_l3gbr1/testfile.c -o /home/open5gs/open5gs/build/meson-private/tmp1_l3gbr1/output.obj -pipe -c -D_FILE_OFFSET_BITS=64 -O0 -fstack-protector-strong 

Code:
 int i;

Compiler stdout:
 
Compiler stderr:
 
Compiler for C supports arguments -fstack-protector-strong: YES 
Running compile:
Working directory:  /home/open5gs/open5gs/build/meson-private/tmpx9sumu2y
Command line:  cc /home/open5gs/open5gs/build/meson-private/tmpx9sumu2y/testfile.c -o /home/open5gs/open5gs/build/meson-private/tmpx9sumu2y/output.obj -pipe -c -D_FILE_OFFSET_BITS=64 -O0 --param=ssp-buffer-size=4 

Code:
 int i;

Compiler stdout:
 
Compiler stderr:
 
Compiler for C supports arguments --param=ssp-buffer-size=4: YES 
meson.build:120: WARNING: Consider using the built-in warning_level option instead of using "-Wextra".
Configuring sample.yaml using configuration
Configuring 310014.yaml using configuration
Configuring csfb.yaml using configuration
Configuring volte.yaml using configuration
Configuring vonr.yaml using configuration
Configuring slice.yaml using configuration
Configuring srsenb.yaml using configuration
Configuring non3gpp.yaml using configuration
Configuring transfer.yaml using configuration
Program /usr/bin/python3 found: YES (/usr/bin/python3)
Configuring mme.yaml using configuration
Configuring sgwc.yaml using configuration
Configuring sgwu.yaml using configuration
Configuring smf.yaml using configuration
Configuring amf.yaml using configuration
Configuring upf.yaml using configuration
Configuring hss.yaml using configuration
Configuring pcrf.yaml using configuration
Configuring nrf.yaml using configuration
Configuring scp.yaml using configuration
Configuring sepp1.yaml using configuration
Configuring sepp2.yaml using configuration
Configuring ausf.yaml using configuration
Configuring udm.yaml using configuration
Configuring udr.yaml using configuration
Configuring pcf.yaml using configuration
Configuring nssf.yaml using configuration
Configuring bsf.yaml using configuration
Program /usr/bin/python3 found: YES (/usr/bin/python3)
Configuring ca.crt using configuration
Configuring amf.key using configuration
Configuring ausf.key using configuration
Configuring bsf.key using configuration
Configuring hss.key using configuration
Configuring mme.key using configuration
Configuring nrf.key using configuration
Configuring nssf.key using configuration
Configuring pcf.key using configuration
Configuring pcrf.key using configuration
Configuring scp.key using configuration
Configuring smf.key using configuration
Configuring udm.key using configuration
Configuring udr.key using configuration
Configuring amf.crt using configuration
Configuring ausf.crt using configuration
Configuring bsf.crt using configuration
Configuring hss.crt using configuration
Configuring mme.crt using configuration
Configuring nrf.crt using configuration
Configuring nssf.crt using configuration
Configuring pcf.crt using configuration
Configuring pcrf.crt using configuration
Configuring scp.crt using configuration
Configuring smf.crt using configuration
Configuring udm.crt using configuration
Configuring udr.crt using configuration
Configuring sepp1.key using configuration
Configuring sepp1.crt using configuration
Configuring sepp2.key using configuration
Configuring sepp2.crt using configuration
Configuring sepp3.key using configuration
Configuring sepp3.crt using configuration
Program /usr/bin/python3 found: YES (/usr/bin/python3)
Configuring curve25519-1.key using configuration
Configuring secp256r1-2.key using configuration
Configuring curve25519-3.key using configuration
Configuring secp256r1-4.key using configuration
Configuring curve25519-5.key using configuration
Configuring secp256r1-6.key using configuration
Program /usr/bin/python3 found: YES (/usr/bin/python3)
Configuring mme.conf using configuration
Configuring hss.conf using configuration
Configuring smf.conf using configuration
Configuring pcrf.conf using configuration
Configuring open5gs-mmed.service using configuration
Configuring open5gs-sgwcd.service using configuration
Configuring open5gs-smfd.service using configuration
Configuring open5gs-amfd.service using configuration
Configuring open5gs-sgwud.service using configuration
Configuring open5gs-upfd.service using configuration
Configuring open5gs-hssd.service using configuration
Configuring open5gs-pcrfd.service using configuration
Configuring open5gs-nrfd.service using configuration
Configuring open5gs-scpd.service using configuration
Configuring open5gs-seppd.service using configuration
Configuring open5gs-ausfd.service using configuration
Configuring open5gs-udmd.service using configuration
Configuring open5gs-pcfd.service using configuration
Configuring open5gs-nssfd.service using configuration
Configuring open5gs-bsfd.service using configuration
Configuring open5gs-udrd.service using configuration
Configuring 99-open5gs.netdev using configuration
Configuring 99-open5gs.network using configuration
Configuring open5gs using configuration
Configuring open5gs.conf using configuration
Configuring 5gc-sepp1-999-70.yaml using configuration
Configuring 5gc-sepp2-001-01.yaml using configuration
Configuring 5gc-sepp3-315-010.yaml using configuration
Configuring 5gc-tls-sepp1-999-70.yaml using configuration
Configuring 5gc-tls-sepp2-001-01.yaml using configuration
Configuring 5gc-tls-sepp3-315-010.yaml using configuration
Configuring gnb-999-70-ue-999-70.yaml using configuration
Configuring gnb-999-70-ue-001-01.yaml using configuration
Configuring gnb-999-70-ue-315-010.yaml using configuration
Configuring gnb-001-01-ue-999-70.yaml using configuration
Configuring gnb-001-01-ue-001-01.yaml using configuration
Configuring gnb-001-01-ue-315-010.yaml using configuration
Configuring gnb-315-010-ue-999-70.yaml using configuration
Configuring gnb-315-010-ue-001-01.yaml using configuration
Configuring gnb-315-010-ue-315-010.yaml using configuration
Running compile:
Working directory:  /home/open5gs/open5gs/build/meson-private/tmprve1x437
Command line:  cc /home/open5gs/open5gs/build/meson-private/tmprve1x437/testfile.c -pipe -E -P -D_FILE_OFFSET_BITS=64 -P -O0 -std=gnu89 

Code:
 
        #ifdef __has_include
         #if !__has_include("arpa/inet.h")
          #error "Header 'arpa/inet.h' could not be found"
         #endif
        #else
         #include <arpa/inet.h>
        #endif
Compiler stdout:
 
Compiler stderr:
 
Has header "arpa/inet.h" : YES 
Running compile:
Working directory:  /home/open5gs/open5gs/build/meson-private/tmplcycgy8b
Command line:  cc /home/open5gs/open5gs/build/meson-private/tmplcycgy8b/testfile.c -pipe -E -P -D_FILE_OFFSET_BITS=64 -P -O0 -std=gnu89 

Code:
 
        #ifdef __has_include
         #if !__has_include("ctype.h")
          #error "Header 'ctype.h' could not be found"
         #endif
        #else
         #include <ctype.h>
        #endif
Compiler stdout:
 
Compiler stderr:
 
Has header "ctype.h" : YES 
Running compile:
Working directory:  /home/open5gs/open5gs/build/meson-private/tmp53mk9ilb
Command line:  cc /home/open5gs/open5gs/build/meson-private/tmp53mk9ilb/testfile.c -pipe -E -P -D_FILE_OFFSET_BITS=64 -P -O0 -std=gnu89 

Code:
 
        #ifdef __has_include
         #if !__has_include("errno.h")
          #error "Header 'errno.h' could not be found"
         #endif
        #else
         #include <errno.h>
        #endif
Compiler stdout:
 
Compiler stderr:
 
Has header "errno.h" : YES 
Running compile:
Working directory:  /home/open5gs/open5gs/build/meson-private/tmpch3invw9
Command line:  cc /home/open5gs/open5gs/build/meson-private/tmpch3invw9/testfile.c -pipe -E -P -D_FILE_OFFSET_BITS=64 -P -O0 -std=gnu89 

Code:
 
        #ifdef __has_include
         #if !__has_include("execinfo.h")
          #error "Header 'execinfo.h' could not be found"
         #endif
        #else
         #include <execinfo.h>
        #endif
Compiler stdout:
 
Compiler stderr:
 
Has header "execinfo.h" : YES 
Running compile:
Working directory:  /home/open5gs/open5gs/build/meson-private/tmpcvvnogsf
Command line:  cc /home/open5gs/open5gs/build/meson-private/tmpcvvnogsf/testfile.c -pipe -E -P -D_FILE_OFFSET_BITS=64 -P -O0 -std=gnu89 

Code:
 
        #ifdef __has_include
         #if !__has_include("fcntl.h")
          #error "Header 'fcntl.h' could not be found"
         #endif
        #else
         #include <fcntl.h>
        #endif
Compiler stdout:
 
Compiler stderr:
 
Has header "fcntl.h" : YES 
Running compile:
Working directory:  /home/open5gs/open5gs/build/meson-private/tmpkpms1hdp
Command line:  cc /home/open5gs/open5gs/build/meson-private/tmpkpms1hdp/testfile.c -pipe -E -P -D_FILE_OFFSET_BITS=64 -P -O0 -std=gnu89 

Code:
 
        #ifdef __has_include
         #if !__has_include("ifaddrs.h")
          #error "Header 'ifaddrs.h' could not be found"
         #endif
        #else
         #include <ifaddrs.h>
        #endif
Compiler stdout:
 
Compiler stderr:
 
Has header "ifaddrs.h" : YES 
Running compile:
Working directory:  /home/open5gs/open5gs/build/meson-private/tmpgzyw03mi
Command line:  cc /home/open5gs/open5gs/build/meson-private/tmpgzyw03mi/testfile.c -pipe -E -P -D_FILE_OFFSET_BITS=64 -P -O0 -std=gnu89 

Code:
 
        #ifdef __has_include
         #if !__has_include("netdb.h")
          #error "Header 'netdb.h' could not be found"
         #endif
        #else
         #include <netdb.h>
        #endif
Compiler stdout:
 
Compiler stderr:
 
Has header "netdb.h" : YES 
Running compile:
Working directory:  /home/open5gs/open5gs/build/meson-private/tmpe1xks5du
Command line:  cc /home/open5gs/open5gs/build/meson-private/tmpe1xks5du/testfile.c -pipe -E -P -D_FILE_OFFSET_BITS=64 -P -O0 -std=gnu89 

Code:
 
        #ifdef __has_include
         #if !__has_include("pthread.h")
          #error "Header 'pthread.h' could not be found"
         #endif
        #else
         #include <pthread.h>
        #endif
Compiler stdout:
 
Compiler stderr:
 
Has header "pthread.h" : YES 
Running compile:
Working directory:  /home/open5gs/open5gs/build/meson-private/tmpfbrf_t1s
Command line:  cc /home/open5gs/open5gs/build/meson-private/tmpfbrf_t1s/testfile.c -pipe -E -P -D_FILE_OFFSET_BITS=64 -P -O0 -std=gnu89 

Code:
 
        #ifdef __has_include
         #if !__has_include("signal.h")
          #error "Header 'signal.h' could not be found"
         #endif
        #else
         #include <signal.h>
        #endif
Compiler stdout:
 
Compiler stderr:
 
Has header "signal.h" : YES 
Running compile:
Working directory:  /home/open5gs/open5gs/build/meson-private/tmp4spjwykl
Command line:  cc /home/open5gs/open5gs/build/meson-private/tmp4spjwykl/testfile.c -pipe -E -P -D_FILE_OFFSET_BITS=64 -P -O0 -std=gnu89 

Code:
 
        #ifdef __has_include
         #if !__has_include("stdarg.h")
          #error "Header 'stdarg.h' could not be found"
         #endif
        #else
         #include <stdarg.h>
        #endif
Compiler stdout:
 
Compiler stderr:
 
Has header "stdarg.h" : YES 
Running compile:
Working directory:  /home/open5gs/open5gs/build/meson-private/tmpdjttotyq
Command line:  cc /home/open5gs/open5gs/build/meson-private/tmpdjttotyq/testfile.c -pipe -E -P -D_FILE_OFFSET_BITS=64 -P -O0 -std=gnu89 

Code:
 
        #ifdef __has_include
         #if !__has_include("stddef.h")
          #error "Header 'stddef.h' could not be found"
         #endif
        #else
         #include <stddef.h>
        #endif
Compiler stdout:
 
Compiler stderr:
 
Has header "stddef.h" : YES 
Running compile:
Working directory:  /home/open5gs/open5gs/build/meson-private/tmp2kuvcg93
Command line:  cc /home/open5gs/open5gs/build/meson-private/tmp2kuvcg93/testfile.c -pipe -E -P -D_FILE_OFFSET_BITS=64 -P -O0 -std=gnu89 

Code:
 
        #ifdef __has_include
         #if !__has_include("stdio.h")
          #error "Header 'stdio.h' could not be found"
         #endif
        #else
         #include <stdio.h>
        #endif
Compiler stdout:
 
Compiler stderr:
 
Has header "stdio.h" : YES 
Running compile:
Working directory:  /home/open5gs/open5gs/build/meson-private/tmpc6gyobbl
Command line:  cc /home/open5gs/open5gs/build/meson-private/tmpc6gyobbl/testfile.c -pipe -E -P -D_FILE_OFFSET_BITS=64 -P -O0 -std=gnu89 

Code:
 
        #ifdef __has_include
         #if !__has_include("stdint.h")
          #error "Header 'stdint.h' could not be found"
         #endif
        #else
         #include <stdint.h>
        #endif
Compiler stdout:
 
Compiler stderr:
 
Has header "stdint.h" : YES 
Running compile:
Working directory:  /home/open5gs/open5gs/build/meson-private/tmpp0fvn632
Command line:  cc /home/open5gs/open5gs/build/meson-private/tmpp0fvn632/testfile.c -pipe -E -P -D_FILE_OFFSET_BITS=64 -P -O0 -std=gnu89 

Code:
 
        #ifdef __has_include
         #if !__has_include("stdbool.h")
          #error "Header 'stdbool.h' could not be found"
         #endif
        #else
         #include <stdbool.h>
        #endif
Compiler stdout:
 
Compiler stderr:
 
Has header "stdbool.h" : YES 
Running compile:
Working directory:  /home/open5gs/open5gs/build/meson-private/tmpt8a1po3b
Command line:  cc /home/open5gs/open5gs/build/meson-private/tmpt8a1po3b/testfile.c -pipe -E -P -D_FILE_OFFSET_BITS=64 -P -O0 -std=gnu89 

Code:
 
        #ifdef __has_include
         #if !__has_include("stdlib.h")
          #error "Header 'stdlib.h' could not be found"
         #endif
        #else
         #include <stdlib.h>
        #endif
Compiler stdout:
 
Compiler stderr:
 
Has header "stdlib.h" : YES 
Running compile:
Working directory:  /home/open5gs/open5gs/build/meson-private/tmpo8xoatp5
Command line:  cc /home/open5gs/open5gs/build/meson-private/tmpo8xoatp5/testfile.c -pipe -E -P -D_FILE_OFFSET_BITS=64 -P -O0 -std=gnu89 

Code:
 
        #ifdef __has_include
         #if !__has_include("string.h")
          #error "Header 'string.h' could not be found"
         #endif
        #else
         #include <string.h>
        #endif
Compiler stdout:
 
Compiler stderr:
 
Has header "string.h" : YES 
Running compile:
Working directory:  /home/open5gs/open5gs/build/meson-private/tmpuo8cn6vn
Command line:  cc /home/open5gs/open5gs/build/meson-private/tmpuo8cn6vn/testfile.c -pipe -E -P -D_FILE_OFFSET_BITS=64 -P -O0 -std=gnu89 

Code:
 
        #ifdef __has_include
         #if !__has_include("strings.h")
          #error "Header 'strings.h' could not be found"
         #endif
        #else
         #include <strings.h>
        #endif
Compiler stdout:
 
Compiler stderr:
 
Has header "strings.h" : YES 
Running compile:
Working directory:  /home/open5gs/open5gs/build/meson-private/tmp65sum0z0
Command line:  cc /home/open5gs/open5gs/build/meson-private/tmp65sum0z0/testfile.c -pipe -E -P -D_FILE_OFFSET_BITS=64 -P -O0 -std=gnu89 

Code:
 
        #ifdef __has_include
         #if !__has_include("time.h")
          #error "Header 'time.h' could not be found"
         #endif
        #else
         #include <time.h>
        #endif
Compiler stdout:
 
Compiler stderr:
 
Has header "time.h" : YES 
Running compile:
Working directory:  /home/open5gs/open5gs/build/meson-private/tmp88iv1snq
Command line:  cc /home/open5gs/open5gs/build/meson-private/tmp88iv1snq/testfile.c -pipe -E -P -D_FILE_OFFSET_BITS=64 -P -O0 -std=gnu89 

Code:
 
        #ifdef __has_include
         #if !__has_include("sys/time.h")
          #error "Header 'sys/time.h' could not be found"
         #endif
        #else
         #include <sys/time.h>
        #endif
Compiler stdout:
 
Compiler stderr:
 
Has header "sys/time.h" : YES 
Running compile:
Working directory:  /home/open5gs/open5gs/build/meson-private/tmp_iy1ke51
Command line:  cc /home/open5gs/open5gs/build/meson-private/tmp_iy1ke51/testfile.c -pipe -E -P -D_FILE_OFFSET_BITS=64 -P -O0 -std=gnu89 

Code:
 
        #ifdef __has_include
         #if !__has_include("unistd.h")
          #error "Header 'unistd.h' could not be found"
         #endif
        #else
         #include <unistd.h>
        #endif
Compiler stdout:
 
Compiler stderr:
 
Has header "unistd.h" : YES 
Running compile:
Working directory:  /home/open5gs/open5gs/build/meson-private/tmp7jmlmzl3
Command line:  cc /home/open5gs/open5gs/build/meson-private/tmp7jmlmzl3/testfile.c -pipe -E -P -D_FILE_OFFSET_BITS=64 -P -O0 -std=gnu89 

Code:
 
        #ifdef __has_include
         #if !__has_include("net/if.h")
          #error "Header 'net/if.h' could not be found"
         #endif
        #else
         #include <net/if.h>
        #endif
Compiler stdout:
 
Compiler stderr:
 
Has header "net/if.h" : YES 
Running compile:
Working directory:  /home/open5gs/open5gs/build/meson-private/tmppidd4dry
Command line:  cc /home/open5gs/open5gs/build/meson-private/tmppidd4dry/testfile.c -pipe -E -P -D_FILE_OFFSET_BITS=64 -P -O0 -std=gnu89 

Code:
 
        #ifdef __has_include
         #if !__has_include("netinet/in.h")
          #error "Header 'netinet/in.h' could not be found"
         #endif
        #else
         #include <netinet/in.h>
        #endif
Compiler stdout:
 
Compiler stderr:
 
Has header "netinet/in.h" : YES 
Running compile:
Working directory:  /home/open5gs/open5gs/build/meson-private/tmpllyiggec
Command line:  cc /home/open5gs/open5gs/build/meson-private/tmpllyiggec/testfile.c -pipe -E -P -D_FILE_OFFSET_BITS=64 -P -O0 -std=gnu89 

Code:
 
        #ifdef __has_include
         #if !__has_include("netinet/in_systm.h")
          #error "Header 'netinet/in_systm.h' could not be found"
         #endif
        #else
         #include <netinet/in_systm.h>
        #endif
Compiler stdout:
 
Compiler stderr:
 
Has header "netinet/in_systm.h" : YES 
Running compile:
Working directory:  /home/open5gs/open5gs/build/meson-private/tmp06k0qqmr
Command line:  cc /home/open5gs/open5gs/build/meson-private/tmp06k0qqmr/testfile.c -pipe -E -P -D_FILE_OFFSET_BITS=64 -P -O0 -std=gnu89 

Code:
 
        #ifdef __has_include
         #if !__has_include("netinet/udp.h")
          #error "Header 'netinet/udp.h' could not be found"
         #endif
        #else
         #include <netinet/udp.h>
        #endif
Compiler stdout:
 
Compiler stderr:
 
Has header "netinet/udp.h" : YES 
Running compile:
Working directory:  /home/open5gs/open5gs/build/meson-private/tmpyts7m8ml
Command line:  cc /home/open5gs/open5gs/build/meson-private/tmpyts7m8ml/testfile.c -pipe -E -P -D_FILE_OFFSET_BITS=64 -P -O0 -std=gnu89 

Code:
 
        #ifdef __has_include
         #if !__has_include("netinet/tcp.h")
          #error "Header 'netinet/tcp.h' could not be found"
         #endif
        #else
         #include <netinet/tcp.h>
        #endif
Compiler stdout:
 
Compiler stderr:
 
Has header "netinet/tcp.h" : YES 
Running compile:
Working directory:  /home/open5gs/open5gs/build/meson-private/tmp8ihtgsay
Command line:  cc /home/open5gs/open5gs/build/meson-private/tmp8ihtgsay/testfile.c -pipe -E -P -D_FILE_OFFSET_BITS=64 -P -O0 -std=gnu89 

Code:
 
        #ifdef __has_include
         #if !__has_include("sys/ioctl.h")
          #error "Header 'sys/ioctl.h' could not be found"
         #endif
        #else
         #include <sys/ioctl.h>
        #endif
Compiler stdout:
 
Compiler stderr:
 
Has header "sys/ioctl.h" : YES 
Running compile:
Working directory:  /home/open5gs/open5gs/build/meson-private/tmprb4d7x43
Command line:  cc /home/open5gs/open5gs/build/meson-private/tmprb4d7x43/testfile.c -pipe -E -P -D_FILE_OFFSET_BITS=64 -P -O0 -std=gnu89 

Code:
 
        #ifdef __has_include
         #if !__has_include("sys/param.h")
          #error "Header 'sys/param.h' could not be found"
         #endif
        #else
         #include <sys/param.h>
        #endif
Compiler stdout:
 
Compiler stderr:
 
Has header "sys/param.h" : YES 
Running compile:
Working directory:  /home/open5gs/open5gs/build/meson-private/tmp5k09d698
Command line:  cc /home/open5gs/open5gs/build/meson-private/tmp5k09d698/testfile.c -pipe -E -P -D_FILE_OFFSET_BITS=64 -P -O0 -std=gnu89 

Code:
 
        #ifdef __has_include
         #if !__has_include("sys/random.h")
          #error "Header 'sys/random.h' could not be found"
         #endif
        #else
         #include <sys/random.h>
        #endif
Compiler stdout:
 
Compiler stderr:
 
Has header "sys/random.h" : YES 
Running compile:
Working directory:  /home/open5gs/open5gs/build/meson-private/tmppxgvcypx
Command line:  cc /home/open5gs/open5gs/build/meson-private/tmppxgvcypx/testfile.c -pipe -E -P -D_FILE_OFFSET_BITS=64 -P -O0 -std=gnu89 

Code:
 
        #ifdef __has_include
         #if !__has_include("sys/socket.h")
          #error "Header 'sys/socket.h' could not be found"
         #endif
        #else
         #include <sys/socket.h>
        #endif
Compiler stdout:
 
Compiler stderr:
 
Has header "sys/socket.h" : YES 
Running compile:
Working directory:  /home/open5gs/open5gs/build/meson-private/tmpuulce87s
Command line:  cc /home/open5gs/open5gs/build/meson-private/tmpuulce87s/testfile.c -pipe -E -P -D_FILE_OFFSET_BITS=64 -P -O0 -std=gnu89 

Code:
 
        #ifdef __has_include
         #if !__has_include("sys/stat.h")
          #error "Header 'sys/stat.h' could not be found"
         #endif
        #else
         #include <sys/stat.h>
        #endif
Compiler stdout:
 
Compiler stderr:
 
Has header "sys/stat.h" : YES 
Running compile:
Working directory:  /home/open5gs/open5gs/build/meson-private/tmpqkqcsws0
Command line:  cc /home/open5gs/open5gs/build/meson-private/tmpqkqcsws0/testfile.c -pipe -E -P -D_FILE_OFFSET_BITS=64 -P -O0 -std=gnu89 

Code:
 
        #ifdef __has_include
         #if !__has_include("limits.h")
          #error "Header 'limits.h' could not be found"
         #endif
        #else
         #include <limits.h>
        #endif
Compiler stdout:
 
Compiler stderr:
 
Has header "limits.h" : YES 
Running compile:
Working directory:  /home/open5gs/open5gs/build/meson-private/tmp666o5s_9
Command line:  cc /home/open5gs/open5gs/build/meson-private/tmp666o5s_9/testfile.c -pipe -E -P -D_FILE_OFFSET_BITS=64 -P -O0 -std=gnu89 

Code:
 
        #ifdef __has_include
         #if !__has_include("sys/syslimits.h")
          #error "Header 'sys/syslimits.h' could not be found"
         #endif
        #else
         #include <sys/syslimits.h>
        #endif
Compiler stdout:
 
Compiler stderr:
 /home/open5gs/open5gs/build/meson-private/tmp666o5s_9/testfile.c:4:12: error: #error "Header 'sys/syslimits.h' could not be found"
    4 |           #error "Header 'sys/syslimits.h' could not be found"
      |            ^~~~~

Has header "sys/syslimits.h" : NO 
Running compile:
Working directory:  /home/open5gs/open5gs/build/meson-private/tmpj4hmf4ys
Command line:  cc /home/open5gs/open5gs/build/meson-private/tmpj4hmf4ys/testfile.c -pipe -E -P -D_FILE_OFFSET_BITS=64 -P -O0 -std=gnu89 

Code:
 
        #ifdef __has_include
         #if !__has_include("sys/types.h")
          #error "Header 'sys/types.h' could not be found"
         #endif
        #else
         #include <sys/types.h>
        #endif
Compiler stdout:
 
Compiler stderr:
 
Has header "sys/types.h" : YES 
Running compile:
Working directory:  /home/open5gs/open5gs/build/meson-private/tmpp765_nql
Command line:  cc /home/open5gs/open5gs/build/meson-private/tmpp765_nql/testfile.c -pipe -E -P -D_FILE_OFFSET_BITS=64 -P -O0 -std=gnu89 

Code:
 
        #ifdef __has_include
         #if !__has_include("sys/wait.h")
          #error "Header 'sys/wait.h' could not be found"
         #endif
        #else
         #include <sys/wait.h>
        #endif
Compiler stdout:
 
Compiler stderr:
 
Has header "sys/wait.h" : YES 
Running compile:
Working directory:  /home/open5gs/open5gs/build/meson-private/tmpssfqd1fc
Command line:  cc /home/open5gs/open5gs/build/meson-private/tmpssfqd1fc/testfile.c -pipe -E -P -D_FILE_OFFSET_BITS=64 -P -O0 -std=gnu89 

Code:
 
        #ifdef __has_include
         #if !__has_include("sys/uio.h")
          #error "Header 'sys/uio.h' could not be found"
         #endif
        #else
         #include <sys/uio.h>
        #endif
Compiler stdout:
 
Compiler stderr:
 
Has header "sys/uio.h" : YES 
Running compile:
Working directory:  /home/open5gs/open5gs/build/meson-private/tmpjz6pog3h
Command line:  cc /home/open5gs/open5gs/build/meson-private/tmpjz6pog3h/testfile.c -o /home/open5gs/open5gs/build/meson-private/tmpjz6pog3h/output.exe -pipe -D_FILE_OFFSET_BITS=64 -O0 -std=gnu89 

Code:
 
        #define arc4random meson_disable_define_of_arc4random
        
        #include <limits.h>
        #undef arc4random
        
        #ifdef __cplusplus
        extern "C"
        #endif
        char arc4random (void);
        
        #if defined __stub_arc4random || defined __stub___arc4random
        fail fail fail this function is not going to work
        #endif
        
        int main(void) {
          return arc4random ();
        }
Compiler stdout:
 
Compiler stderr:
 /usr/bin/ld: /tmp/ccDgDOzz.o: in function `main':
testfile.c:(.text+0x9): undefined reference to `arc4random'
collect2: error: ld returned 1 exit status

Running compile:
Working directory:  /home/open5gs/open5gs/build/meson-private/tmpbqintqk0
Command line:  cc /home/open5gs/open5gs/build/meson-private/tmpbqintqk0/testfile.c -o /home/open5gs/open5gs/build/meson-private/tmpbqintqk0/output.exe -pipe -D_FILE_OFFSET_BITS=64 -O0 -std=gnu89 

Code:
 
        int main(void) {
        #ifdef __has_builtin
            #if !__has_builtin(__builtin_arc4random)
                #error "__builtin_arc4random not found"
            #endif
        #elif ! defined(arc4random)
            /* Check for __builtin_arc4random only if no includes were added to the
             * prefix above, which means no definition of arc4random can be found.
             * We would always check for this, but we get false positives on
             * MSYS2 if we do. Their toolchain is broken, but we can at least
             * give them a workaround. */
            #if 1
                __builtin_arc4random;
            #else
                #error "No definition for __builtin_arc4random found in the prefix"
            #endif
        #endif
        return 0;
        }
Compiler stdout:
 
Compiler stderr:
 /home/open5gs/open5gs/build/meson-private/tmpbqintqk0/testfile.c: In function 'main':
/home/open5gs/open5gs/build/meson-private/tmpbqintqk0/testfile.c:14:17: error: '__builtin_arc4random' undeclared (first use in this function); did you mean '__builtin_acos'?
   14 |                 __builtin_arc4random;
      |                 ^~~~~~~~~~~~~~~~~~~~
      |                 __builtin_acos
/home/open5gs/open5gs/build/meson-private/tmpbqintqk0/testfile.c:14:17: note: each undeclared identifier is reported only once for each function it appears in

Checking for function "arc4random" : NO 
Running compile:
Working directory:  /home/open5gs/open5gs/build/meson-private/tmpyic8_y82
Command line:  cc /home/open5gs/open5gs/build/meson-private/tmpyic8_y82/testfile.c -o /home/open5gs/open5gs/build/meson-private/tmpyic8_y82/output.exe -pipe -D_FILE_OFFSET_BITS=64 -O0 -std=gnu89 

Code:
 
        #define arc4random_buf meson_disable_define_of_arc4random_buf
        
        #include <limits.h>
        #undef arc4random_buf
        
        #ifdef __cplusplus
        extern "C"
        #endif
        char arc4random_buf (void);
        
        #if defined __stub_arc4random_buf || defined __stub___arc4random_buf
        fail fail fail this function is not going to work
        #endif
        
        int main(void) {
          return arc4random_buf ();
        }
Compiler stdout:
 
Compiler stderr:
 /usr/bin/ld: /tmp/ccLBxGUa.o: in function `main':
testfile.c:(.text+0x9): undefined reference to `arc4random_buf'
collect2: error: ld returned 1 exit status

Running compile:
Working directory:  /home/open5gs/open5gs/build/meson-private/tmpmmt4mets
Command line:  cc /home/open5gs/open5gs/build/meson-private/tmpmmt4mets/testfile.c -o /home/open5gs/open5gs/build/meson-private/tmpmmt4mets/output.exe -pipe -D_FILE_OFFSET_BITS=64 -O0 -std=gnu89 

Code:
 
        int main(void) {
        #ifdef __has_builtin
            #if !__has_builtin(__builtin_arc4random_buf)
                #error "__builtin_arc4random_buf not found"
            #endif
        #elif ! defined(arc4random_buf)
            /* Check for __builtin_arc4random_buf only if no includes were added to the
             * prefix above, which means no definition of arc4random_buf can be found.
             * We would always check for this, but we get false positives on
             * MSYS2 if we do. Their toolchain is broken, but we can at least
             * give them a workaround. */
            #if 1
                __builtin_arc4random_buf;
            #else
                #error "No definition for __builtin_arc4random_buf found in the prefix"
            #endif
        #endif
        return 0;
        }
Compiler stdout:
 
Compiler stderr:
 /home/open5gs/open5gs/build/meson-private/tmpmmt4mets/testfile.c: In function 'main':
/home/open5gs/open5gs/build/meson-private/tmpmmt4mets/testfile.c:14:17: error: '__builtin_arc4random_buf' undeclared (first use in this function)
   14 |                 __builtin_arc4random_buf;
      |                 ^~~~~~~~~~~~~~~~~~~~~~~~
/home/open5gs/open5gs/build/meson-private/tmpmmt4mets/testfile.c:14:17: note: each undeclared identifier is reported only once for each function it appears in

Checking for function "arc4random_buf" : NO 
Running compile:
Working directory:  /home/open5gs/open5gs/build/meson-private/tmpzq8ehds4
Command line:  cc /home/open5gs/open5gs/build/meson-private/tmpzq8ehds4/testfile.c -o /home/open5gs/open5gs/build/meson-private/tmpzq8ehds4/output.exe -pipe -D_FILE_OFFSET_BITS=64 -O0 -std=gnu89 

Code:
 
        #define getrandom meson_disable_define_of_getrandom
        
        #include <limits.h>
        #undef getrandom
        
        #ifdef __cplusplus
        extern "C"
        #endif
        char getrandom (void);
        
        #if defined __stub_getrandom || defined __stub___getrandom
        fail fail fail this function is not going to work
        #endif
        
        int main(void) {
          return getrandom ();
        }
Compiler stdout:
 
Compiler stderr:
 
Checking for function "getrandom" : YES 
Running compile:
Working directory:  /home/open5gs/open5gs/build/meson-private/tmpwaj3r7yx
Command line:  cc /home/open5gs/open5gs/build/meson-private/tmpwaj3r7yx/testfile.c -o /home/open5gs/open5gs/build/meson-private/tmpwaj3r7yx/output.exe -pipe -D_FILE_OFFSET_BITS=64 -O0 -std=gnu89 

Code:
 
        #define localtime_r meson_disable_define_of_localtime_r
        
        #include <limits.h>
        #undef localtime_r
        
        #ifdef __cplusplus
        extern "C"
        #endif
        char localtime_r (void);
        
        #if defined __stub_localtime_r || defined __stub___localtime_r
        fail fail fail this function is not going to work
        #endif
        
        int main(void) {
          return localtime_r ();
        }
Compiler stdout:
 
Compiler stderr:
 
Checking for function "localtime_r" : YES 
Running compile:
Working directory:  /home/open5gs/open5gs/build/meson-private/tmpwooeardd
Command line:  cc /home/open5gs/open5gs/build/meson-private/tmpwooeardd/testfile.c -o /home/open5gs/open5gs/build/meson-private/tmpwooeardd/output.exe -pipe -D_FILE_OFFSET_BITS=64 -O0 -std=gnu89 

Code:
 
        #define getifaddrs meson_disable_define_of_getifaddrs
        
        #include <limits.h>
        #undef getifaddrs
        
        #ifdef __cplusplus
        extern "C"
        #endif
        char getifaddrs (void);
        
        #if defined __stub_getifaddrs || defined __stub___getifaddrs
        fail fail fail this function is not going to work
        #endif
        
        int main(void) {
          return getifaddrs ();
        }
Compiler stdout:
 
Compiler stderr:
 
Checking for function "getifaddrs" : YES 
Running compile:
Working directory:  /home/open5gs/open5gs/build/meson-private/tmppwhvlvy2
Command line:  cc /home/open5gs/open5gs/build/meson-private/tmppwhvlvy2/testfile.c -o /home/open5gs/open5gs/build/meson-private/tmppwhvlvy2/output.exe -pipe -D_FILE_OFFSET_BITS=64 -O0 -std=gnu89 

Code:
 
        #define getenv meson_disable_define_of_getenv
        
        #include <limits.h>
        #undef getenv
        
        #ifdef __cplusplus
        extern "C"
        #endif
        char getenv (void);
        
        #if defined __stub_getenv || defined __stub___getenv
        fail fail fail this function is not going to work
        #endif
        
        int main(void) {
          return getenv ();
        }
Compiler stdout:
 
Compiler stderr:
 
Checking for function "getenv" : YES 
Running compile:
Working directory:  /home/open5gs/open5gs/build/meson-private/tmpwak72orh
Command line:  cc /home/open5gs/open5gs/build/meson-private/tmpwak72orh/testfile.c -o /home/open5gs/open5gs/build/meson-private/tmpwak72orh/output.exe -pipe -D_FILE_OFFSET_BITS=64 -O0 -std=gnu89 

Code:
 
        #define putenv meson_disable_define_of_putenv
        
        #include <limits.h>
        #undef putenv
        
        #ifdef __cplusplus
        extern "C"
        #endif
        char putenv (void);
        
        #if defined __stub_putenv || defined __stub___putenv
        fail fail fail this function is not going to work
        #endif
        
        int main(void) {
          return putenv ();
        }
Compiler stdout:
 
Compiler stderr:
 
Checking for function "putenv" : YES 
Running compile:
Working directory:  /home/open5gs/open5gs/build/meson-private/tmp835704t2
Command line:  cc /home/open5gs/open5gs/build/meson-private/tmp835704t2/testfile.c -o /home/open5gs/open5gs/build/meson-private/tmp835704t2/output.exe -pipe -D_FILE_OFFSET_BITS=64 -O0 -std=gnu89 

Code:
 
        #define setenv meson_disable_define_of_setenv
        
        #include <limits.h>
        #undef setenv
        
        #ifdef __cplusplus
        extern "C"
        #endif
        char setenv (void);
        
        #if defined __stub_setenv || defined __stub___setenv
        fail fail fail this function is not going to work
        #endif
        
        int main(void) {
          return setenv ();
        }
Compiler stdout:
 
Compiler stderr:
 
Checking for function "setenv" : YES 
Running compile:
Working directory:  /home/open5gs/open5gs/build/meson-private/tmp1bk2pke2
Command line:  cc /home/open5gs/open5gs/build/meson-private/tmp1bk2pke2/testfile.c -o /home/open5gs/open5gs/build/meson-private/tmp1bk2pke2/output.exe -pipe -D_FILE_OFFSET_BITS=64 -O0 -std=gnu89 

Code:
 
        #define unsetenv meson_disable_define_of_unsetenv
        
        #include <limits.h>
        #undef unsetenv
        
        #ifdef __cplusplus
        extern "C"
        #endif
        char unsetenv (void);
        
        #if defined __stub_unsetenv || defined __stub___unsetenv
        fail fail fail this function is not going to work
        #endif
        
        int main(void) {
          return unsetenv ();
        }
Compiler stdout:
 
Compiler stderr:
 
Checking for function "unsetenv" : YES 
Running compile:
Working directory:  /home/open5gs/open5gs/build/meson-private/tmpdn7tfqbk
Command line:  cc /home/open5gs/open5gs/build/meson-private/tmpdn7tfqbk/testfile.c -o /home/open5gs/open5gs/build/meson-private/tmpdn7tfqbk/output.exe -pipe -D_FILE_OFFSET_BITS=64 -O0 -std=gnu89 

Code:
 
        #define strerror_r meson_disable_define_of_strerror_r
        
        #include <limits.h>
        #undef strerror_r
        
        #ifdef __cplusplus
        extern "C"
        #endif
        char strerror_r (void);
        
        #if defined __stub_strerror_r || defined __stub___strerror_r
        fail fail fail this function is not going to work
        #endif
        
        int main(void) {
          return strerror_r ();
        }
Compiler stdout:
 
Compiler stderr:
 
Checking for function "strerror_r" : YES 
Running compile:
Working directory:  /home/open5gs/open5gs/build/meson-private/tmp1ti3ites
Command line:  cc /home/open5gs/open5gs/build/meson-private/tmp1ti3ites/testfile.c -o /home/open5gs/open5gs/build/meson-private/tmp1ti3ites/output.exe -pipe -D_FILE_OFFSET_BITS=64 -O0 -std=gnu89 

Code:
 
        #define sigaction meson_disable_define_of_sigaction
        
        #include <limits.h>
        #undef sigaction
        
        #ifdef __cplusplus
        extern "C"
        #endif
        char sigaction (void);
        
        #if defined __stub_sigaction || defined __stub___sigaction
        fail fail fail this function is not going to work
        #endif
        
        int main(void) {
          return sigaction ();
        }
Compiler stdout:
 
Compiler stderr:
 
Checking for function "sigaction" : YES 
Running compile:
Working directory:  /home/open5gs/open5gs/build/meson-private/tmp7b4d44z7
Command line:  cc /home/open5gs/open5gs/build/meson-private/tmp7b4d44z7/testfile.c -o /home/open5gs/open5gs/build/meson-private/tmp7b4d44z7/output.exe -pipe -D_FILE_OFFSET_BITS=64 -O0 -std=gnu89 

Code:
 
        #define sigwait meson_disable_define_of_sigwait
        
        #include <limits.h>
        #undef sigwait
        
        #ifdef __cplusplus
        extern "C"
        #endif
        char sigwait (void);
        
        #if defined __stub_sigwait || defined __stub___sigwait
        fail fail fail this function is not going to work
        #endif
        
        int main(void) {
          return sigwait ();
        }
Compiler stdout:
 
Compiler stderr:
 
Checking for function "sigwait" : YES 
Running compile:
Working directory:  /home/open5gs/open5gs/build/meson-private/tmp94dpn0t7
Command line:  cc /home/open5gs/open5gs/build/meson-private/tmp94dpn0t7/testfile.c -o /home/open5gs/open5gs/build/meson-private/tmp94dpn0t7/output.exe -pipe -D_FILE_OFFSET_BITS=64 -O0 -std=gnu89 

Code:
 
        #define sigsuspend meson_disable_define_of_sigsuspend
        
        #include <limits.h>
        #undef sigsuspend
        
        #ifdef __cplusplus
        extern "C"
        #endif
        char sigsuspend (void);
        
        #if defined __stub_sigsuspend || defined __stub___sigsuspend
        fail fail fail this function is not going to work
        #endif
        
        int main(void) {
          return sigsuspend ();
        }
Compiler stdout:
 
Compiler stderr:
 
Checking for function "sigsuspend" : YES 
Running compile:
Working directory:  /home/open5gs/open5gs/build/meson-private/tmp_nylt8tm
Command line:  cc /home/open5gs/open5gs/build/meson-private/tmp_nylt8tm/testfile.c -o /home/open5gs/open5gs/build/meson-private/tmp_nylt8tm/output.exe -pipe -D_FILE_OFFSET_BITS=64 -O0 -std=gnu89 

Code:
 
        #define eventfd meson_disable_define_of_eventfd
        
        #include <limits.h>
        #undef eventfd
        
        #ifdef __cplusplus
        extern "C"
        #endif
        char eventfd (void);
        
        #if defined __stub_eventfd || defined __stub___eventfd
        fail fail fail this function is not going to work
        #endif
        
        int main(void) {
          return eventfd ();
        }
Compiler stdout:
 
Compiler stderr:
 
Checking for function "eventfd" : YES 
Running compile:
Working directory:  /home/open5gs/open5gs/build/meson-private/tmpswf7ze3p
Command line:  cc /home/open5gs/open5gs/build/meson-private/tmpswf7ze3p/testfile.c -o /home/open5gs/open5gs/build/meson-private/tmpswf7ze3p/output.exe -pipe -D_FILE_OFFSET_BITS=64 -O0 -std=gnu89 

Code:
 
        #define kqueue meson_disable_define_of_kqueue
        
        #include <limits.h>
        #undef kqueue
        
        #ifdef __cplusplus
        extern "C"
        #endif
        char kqueue (void);
        
        #if defined __stub_kqueue || defined __stub___kqueue
        fail fail fail this function is not going to work
        #endif
        
        int main(void) {
          return kqueue ();
        }
Compiler stdout:
 
Compiler stderr:
 /usr/bin/ld: /tmp/ccm73vYh.o: in function `main':
testfile.c:(.text+0x9): undefined reference to `kqueue'
collect2: error: ld returned 1 exit status

Running compile:
Working directory:  /home/open5gs/open5gs/build/meson-private/tmprzikdicy
Command line:  cc /home/open5gs/open5gs/build/meson-private/tmprzikdicy/testfile.c -o /home/open5gs/open5gs/build/meson-private/tmprzikdicy/output.exe -pipe -D_FILE_OFFSET_BITS=64 -O0 -std=gnu89 

Code:
 
        int main(void) {
        #ifdef __has_builtin
            #if !__has_builtin(__builtin_kqueue)
                #error "__builtin_kqueue not found"
            #endif
        #elif ! defined(kqueue)
            /* Check for __builtin_kqueue only if no includes were added to the
             * prefix above, which means no definition of kqueue can be found.
             * We would always check for this, but we get false positives on
             * MSYS2 if we do. Their toolchain is broken, but we can at least
             * give them a workaround. */
            #if 1
                __builtin_kqueue;
            #else
                #error "No definition for __builtin_kqueue found in the prefix"
            #endif
        #endif
        return 0;
        }
Compiler stdout:
 
Compiler stderr:
 /home/open5gs/open5gs/build/meson-private/tmprzikdicy/testfile.c: In function 'main':
/home/open5gs/open5gs/build/meson-private/tmprzikdicy/testfile.c:14:17: error: '__builtin_kqueue' undeclared (first use in this function); did you mean '__builtin_free'?
   14 |                 __builtin_kqueue;
      |                 ^~~~~~~~~~~~~~~~
      |                 __builtin_free
/home/open5gs/open5gs/build/meson-private/tmprzikdicy/testfile.c:14:17: note: each undeclared identifier is reported only once for each function it appears in

Checking for function "kqueue" : NO 
Running compile:
Working directory:  /home/open5gs/open5gs/build/meson-private/tmp9ue31b3j
Command line:  cc /home/open5gs/open5gs/build/meson-private/tmp9ue31b3j/testfile.c -o /home/open5gs/open5gs/build/meson-private/tmp9ue31b3j/output.exe -pipe -D_FILE_OFFSET_BITS=64 -O0 -std=gnu89 

Code:
 
        #define epoll_ctl meson_disable_define_of_epoll_ctl
        
        #include <limits.h>
        #undef epoll_ctl
        
        #ifdef __cplusplus
        extern "C"
        #endif
        char epoll_ctl (void);
        
        #if defined __stub_epoll_ctl || defined __stub___epoll_ctl
        fail fail fail this function is not going to work
        #endif
        
        int main(void) {
          return epoll_ctl ();
        }
Compiler stdout:
 
Compiler stderr:
 
Checking for function "epoll_ctl" : YES 
Run-time dependency threads found: YES
Running compile:
Working directory:  /home/open5gs/open5gs/build/meson-private/tmpagjr1_ey
Command line:  cc /home/open5gs/open5gs/build/meson-private/tmpagjr1_ey/testfile.c -o /home/open5gs/open5gs/build/meson-private/tmpagjr1_ey/output.obj -pipe -c -D_FILE_OFFSET_BITS=64 -O0 -std=gnu89 

Code:
 
        #include <pthread.h>
        int main(void) {
            /* If it's not defined as a macro, try to use as a symbol */
            #ifndef pthread_barrier_wait
                pthread_barrier_wait;
            #endif
            return 0;
        }
Compiler stdout:
 
Compiler stderr:
 
Header <pthread.h> has symbol "pthread_barrier_wait" : YES 
Running compile:
Working directory:  /home/open5gs/open5gs/build/meson-private/tmptimgixdo
Command line:  cc /home/open5gs/open5gs/build/meson-private/tmptimgixdo/testfile.c -o /home/open5gs/open5gs/build/meson-private/tmptimgixdo/output.obj -pipe -c -D_FILE_OFFSET_BITS=64 -O0 -std=gnu89 

Code:
 
        #include <signal.h>
        int main(void) {
            /* If it's not defined as a macro, try to use as a symbol */
            #ifndef sys_siglist
                sys_siglist;
            #endif
            return 0;
        }
Compiler stdout:
 
Compiler stderr:
 
Header <signal.h> has symbol "sys_siglist" : YES 
Running compile:
Working directory:  /home/open5gs/open5gs/build/meson-private/tmp64szvm21
Command line:  cc /home/open5gs/open5gs/build/meson-private/tmp64szvm21/testfile.c -o /home/open5gs/open5gs/build/meson-private/tmp64szvm21/output.obj -pipe -c -D_FILE_OFFSET_BITS=64 -O0 -std=gnu89 

Code:
 #define _GNU_SOURCE
                      #include <string.h>
                      int func (void) {
                          char error_string[256];
                          char *ptr = strerror_r (-2, error_string, 256);
                          char c = *strerror_r (-2, error_string, 256);
                          return c != 0 && ptr != (void*) 0L;
                      }
Compiler stdout:
 
Compiler stderr:
 
Checking if "strerror_r() returns char *" compiles: YES 
Running compile:
Working directory:  /home/open5gs/open5gs/build/meson-private/tmpngd78wwn
Command line:  cc /home/open5gs/open5gs/build/meson-private/tmpngd78wwn/testfile.c -o /home/open5gs/open5gs/build/meson-private/tmpngd78wwn/output.exe -pipe -D_FILE_OFFSET_BITS=64 -O0 -Wl,--start-group -lexecinfo -Wl,--end-group -Wl,--allow-shlib-undefined 

Code:
 int main(void) { return 0; }
Compiler stdout:
 
Compiler stderr:
 /usr/bin/ld: cannot find -lexecinfo
collect2: error: ld returned 1 exit status

Running compile:
Working directory:  /home/open5gs/open5gs/build/meson-private/tmpoxsl8xh3
Command line:  cc /home/open5gs/open5gs/build/meson-private/tmpoxsl8xh3/testfile.c -o /home/open5gs/open5gs/build/meson-private/tmpoxsl8xh3/output.exe -pipe -D_FILE_OFFSET_BITS=64 -O0 

Code:
 #include<stdio.h>
        
        int main(void) {
            printf("%ld\n", (long)(sizeof(void *)));
            return 0;
        };
Compiler stdout:
 
Compiler stderr:
 
Program stdout:

8

Program stderr:


Running compile:
Working directory:  /home/open5gs/open5gs/build/meson-private/tmpk72ct064
Command line:  cc /home/open5gs/open5gs/build/meson-private/tmpk72ct064/testfile.c -o /home/open5gs/open5gs/build/meson-private/tmpk72ct064/output.obj -pipe -c -D_FILE_OFFSET_BITS=64 -O0 --print-search-dirs 

Code:
 
Compiler stdout:
 install: /usr/lib/gcc/x86_64-linux-gnu/9/
programs: =/usr/lib/gcc/x86_64-linux-gnu/9/:/usr/lib/gcc/x86_64-linux-gnu/9/:/usr/lib/gcc/x86_64-linux-gnu/:/usr/lib/gcc/x86_64-linux-gnu/9/:/usr/lib/gcc/x86_64-linux-gnu/:/usr/lib/gcc/x86_64-linux-gnu/9/../../../../x86_64-linux-gnu/bin/x86_64-linux-gnu/9/:/usr/lib/gcc/x86_64-linux-gnu/9/../../../../x86_64-linux-gnu/bin/x86_64-linux-gnu/:/usr/lib/gcc/x86_64-linux-gnu/9/../../../../x86_64-linux-gnu/bin/
libraries: =/usr/lib/gcc/x86_64-linux-gnu/9/:/usr/lib/gcc/x86_64-linux-gnu/9/../../../../x86_64-linux-gnu/lib/x86_64-linux-gnu/9/:/usr/lib/gcc/x86_64-linux-gnu/9/../../../../x86_64-linux-gnu/lib/x86_64-linux-gnu/:/usr/lib/gcc/x86_64-linux-gnu/9/../../../../x86_64-linux-gnu/lib/../lib/:/usr/lib/gcc/x86_64-linux-gnu/9/../../../x86_64-linux-gnu/9/:/usr/lib/gcc/x86_64-linux-gnu/9/../../../x86_64-linux-gnu/:/usr/lib/gcc/x86_64-linux-gnu/9/../../../../lib/:/lib/x86_64-linux-gnu/9/:/lib/x86_64-linux-gnu/:/lib/../lib/:/usr/lib/x86_64-linux-gnu/9/:/usr/lib/x86_64-linux-gnu/:/usr/lib/../lib/:/usr/lib/gcc/x86_64-linux-gnu/9/../../../../x86_64-linux-gnu/lib/:/usr/lib/gcc/x86_64-linux-gnu/9/../../../:/lib/:/usr/lib/

Compiler stderr:
 
Library execinfo found: NO
Running compile:
Working directory:  /home/open5gs/open5gs/build/meson-private/tmp8442uu_f
Command line:  cc /home/open5gs/open5gs/build/meson-private/tmp8442uu_f/testfile.c -o /home/open5gs/open5gs/build/meson-private/tmp8442uu_f/output.exe -pipe -D_FILE_OFFSET_BITS=64 -O0 -std=gnu89 

Code:
 #include <execinfo.h>
#include <limits.h>

        #if defined __stub_backtrace || defined __stub___backtrace
        fail fail fail this function is not going to work
        #endif
        
int main(void) {
            void *a = (void*) &backtrace;
            long b = (long) a;
            return (int) b;
        }
Compiler stdout:
 
Compiler stderr:
 
Checking for function "backtrace" : YES 
Running compile:
Working directory:  /home/open5gs/open5gs/build/meson-private/tmpq4aubib0
Command line:  cc /home/open5gs/open5gs/build/meson-private/tmpq4aubib0/testfile.c -o /home/open5gs/open5gs/build/meson-private/tmpq4aubib0/output.exe -pipe -D_FILE_OFFSET_BITS=64 -O0 -std=gnu89 

Code:
 
    #include <time.h>
    struct timespec t;
    int main (int argc, char ** argv) {
        return clock_gettime(CLOCK_REALTIME, &t);
    }
Compiler stdout:
 
Compiler stderr:
 
Checking if "clock_gettime()" links: YES 
WARNING: Project targeting '>= 0.43.0' but tried to use feature introduced in '0.47.0': check arg in run_command
Running command: /usr/bin/[ -c /dev/urandom ]
--- stdout ---

--- stderr ---


Running compile:
Working directory:  /home/open5gs/open5gs/build/meson-private/tmpkqqygvrq
Command line:  cc /home/open5gs/open5gs/build/meson-private/tmpkqqygvrq/testfile.c -o /home/open5gs/open5gs/build/meson-private/tmpkqqygvrq/output.exe -pipe -D_FILE_OFFSET_BITS=64 -O0 -std=gnu89 

Code:
 #include <sys/eventfd.h>
               #include <unistd.h>
               int main (int argc, char ** argv) {
                   eventfd (0, EFD_CLOEXEC);
                   return 0;
               }
Compiler stdout:
 
Compiler stderr:
 
Checking if "eventfd(2) system call" links: YES 
Running compile:
Working directory:  /home/open5gs/open5gs/build/meson-private/tmpfx5ctu85
Command line:  cc /home/open5gs/open5gs/build/meson-private/tmpfx5ctu85/testfile.c -o /home/open5gs/open5gs/build/meson-private/tmpfx5ctu85/output.exe -pipe -D_FILE_OFFSET_BITS=64 -O0 -Wl,--start-group -lsocket -Wl,--end-group -Wl,--allow-shlib-undefined 

Code:
 int main(void) { return 0; }
Compiler stdout:
 
Compiler stderr:
 /usr/bin/ld: cannot find -lsocket
collect2: error: ld returned 1 exit status

Library socket found: NO
Running compile:
Working directory:  /home/open5gs/open5gs/build/meson-private/tmpzscld2dz
Command line:  cc /home/open5gs/open5gs/build/meson-private/tmpzscld2dz/testfile.c -o /home/open5gs/open5gs/build/meson-private/tmpzscld2dz/output.exe -pipe -D_FILE_OFFSET_BITS=64 -O0 -std=gnu89 

Code:
 #include <sys/types.h>
                     #include <sys/socket.h>
                     int main (int argc, char ** argv) {
                         return socket(1, 2, 3);
                     }
Compiler stdout:
 
Compiler stderr:
 
Checking if "socket()" links: YES 
Configuring core-config-private.h using configuration
Configuring core-config.h using configuration
Pkg-config binary for MachineChoice.HOST is not cached.
Pkg-config binary missing from cross or native file, or env var undefined.
Trying a default pkg-config fallback at pkg-config
Trying pkg-config binary pkg-config for machine MachineChoice.HOST at ['/usr/bin/pkg-config']
Found pkg-config: /usr/bin/pkg-config (0.29.1)
Determining dependency 'talloc' with pkg-config executable '/usr/bin/pkg-config'
PKG_CONFIG_PATH: 
Called `/usr/bin/pkg-config --modversion talloc` -> 0
2.3.3
PKG_CONFIG_PATH: 
Called `/usr/bin/pkg-config --cflags talloc` -> 0

PKG_CONFIG_PATH: 
Called `/usr/bin/pkg-config talloc --libs` -> 0
-L/usr/lib/x86_64-linux-gnu -ltalloc
PKG_CONFIG_PATH: 
Called `/usr/bin/pkg-config talloc --libs` -> 0
-ltalloc
Running compile:
Working directory:  /home/open5gs/open5gs/build/meson-private/tmppb4ojwgu
Command line:  c++ /home/open5gs/open5gs/build/meson-private/tmppb4ojwgu/testfile.cpp -o /home/open5gs/open5gs/build/meson-private/tmppb4ojwgu/output.exe -pipe -D_FILE_OFFSET_BITS=64 -O0 -fpermissive 

Code:
 #include<stdio.h>
        
        int main(void) {
            printf("%ld\n", (long)(sizeof(void *)));
            return 0;
        };
Compiler stdout:
 
Compiler stderr:
 
Program stdout:

8

Program stderr:


Running compile:
Working directory:  /home/open5gs/open5gs/build/meson-private/tmp6me61ipa
Command line:  c++ /home/open5gs/open5gs/build/meson-private/tmp6me61ipa/testfile.cpp -o /home/open5gs/open5gs/build/meson-private/tmp6me61ipa/output.obj -pipe -c -D_FILE_OFFSET_BITS=64 -O0 -fpermissive --print-search-dirs 

Code:
 
Compiler stdout:
 install: /usr/lib/gcc/x86_64-linux-gnu/9/
programs: =/usr/lib/gcc/x86_64-linux-gnu/9/:/usr/lib/gcc/x86_64-linux-gnu/9/:/usr/lib/gcc/x86_64-linux-gnu/:/usr/lib/gcc/x86_64-linux-gnu/9/:/usr/lib/gcc/x86_64-linux-gnu/:/usr/lib/gcc/x86_64-linux-gnu/9/../../../../x86_64-linux-gnu/bin/x86_64-linux-gnu/9/:/usr/lib/gcc/x86_64-linux-gnu/9/../../../../x86_64-linux-gnu/bin/x86_64-linux-gnu/:/usr/lib/gcc/x86_64-linux-gnu/9/../../../../x86_64-linux-gnu/bin/
libraries: =/usr/lib/gcc/x86_64-linux-gnu/9/:/usr/lib/gcc/x86_64-linux-gnu/9/../../../../x86_64-linux-gnu/lib/x86_64-linux-gnu/9/:/usr/lib/gcc/x86_64-linux-gnu/9/../../../../x86_64-linux-gnu/lib/x86_64-linux-gnu/:/usr/lib/gcc/x86_64-linux-gnu/9/../../../../x86_64-linux-gnu/lib/../lib/:/usr/lib/gcc/x86_64-linux-gnu/9/../../../x86_64-linux-gnu/9/:/usr/lib/gcc/x86_64-linux-gnu/9/../../../x86_64-linux-gnu/:/usr/lib/gcc/x86_64-linux-gnu/9/../../../../lib/:/lib/x86_64-linux-gnu/9/:/lib/x86_64-linux-gnu/:/lib/../lib/:/usr/lib/x86_64-linux-gnu/9/:/usr/lib/x86_64-linux-gnu/:/usr/lib/../lib/:/usr/lib/gcc/x86_64-linux-gnu/9/../../../../x86_64-linux-gnu/lib/:/usr/lib/gcc/x86_64-linux-gnu/9/../../../:/lib/:/usr/lib/

Compiler stderr:
 
Run-time dependency talloc found: YES 2.3.3
Pkg-config binary for MachineChoice.HOST is cached.
Determining dependency 'libmongoc-1.0' with pkg-config executable '/usr/bin/pkg-config'
PKG_CONFIG_PATH: 
Called `/usr/bin/pkg-config --modversion libmongoc-1.0` -> 0
1.16.1
PKG_CONFIG_PATH: 
Called `/usr/bin/pkg-config --cflags libmongoc-1.0` -> 0
-I/usr/include/libmongoc-1.0 -I/usr/include/libbson-1.0
PKG_CONFIG_PATH: 
Called `/usr/bin/pkg-config libmongoc-1.0 --libs` -> 0
-L/usr/lib/x86_64-linux-gnu -lmongoc-1.0 -lbson-1.0
PKG_CONFIG_PATH: 
Called `/usr/bin/pkg-config libmongoc-1.0 --libs` -> 0
-lmongoc-1.0 -lbson-1.0
Run-time dependency libmongoc-1.0 found: YES 1.16.1
Running compile:
Working directory:  /home/open5gs/open5gs/build/meson-private/tmppol1op2i
Command line:  cc /home/open5gs/open5gs/build/meson-private/tmppol1op2i/testfile.c -o /home/open5gs/open5gs/build/meson-private/tmppol1op2i/output.obj -pipe -c -D_FILE_OFFSET_BITS=64 -O0 -Wno-shift-negative-value -Wshift-negative-value 

Code:
 int i;

Compiler stdout:
 
Compiler stderr:
 
Compiler for C supports arguments -Wno-shift-negative-value -Wshift-negative-value: YES 
Running compile:
Working directory:  /home/open5gs/open5gs/build/meson-private/tmpbftppgmz
Command line:  cc /home/open5gs/open5gs/build/meson-private/tmpbftppgmz/testfile.c -o /home/open5gs/open5gs/build/meson-private/tmpbftppgmz/output.obj -pipe -c -D_FILE_OFFSET_BITS=64 -O0 -Wno-unused-but-set-variable -Wunused-but-set-variable 

Code:
 int i;

Compiler stdout:
 
Compiler stderr:
 
Compiler for C supports arguments -Wno-unused-but-set-variable -Wunused-but-set-variable: YES 
Running compile:
Working directory:  /home/open5gs/open5gs/build/meson-private/tmp09o73ool
Command line:  cc /home/open5gs/open5gs/build/meson-private/tmp09o73ool/testfile.c -o /home/open5gs/open5gs/build/meson-private/tmp09o73ool/output.obj -pipe -c -D_FILE_OFFSET_BITS=64 -O0 -Wno-unknown-warning-option -Wunknown-warning-option 

Code:
 int i;

Compiler stdout:
 
Compiler stderr:
 cc: error: unrecognized command line option '-Wunknown-warning-option'

Compiler for C supports arguments -Wno-unknown-warning-option -Wunknown-warning-option: NO 
Running compile:
Working directory:  /home/open5gs/open5gs/build/meson-private/tmpg2k86ek1
Command line:  cc /home/open5gs/open5gs/build/meson-private/tmpg2k86ek1/testfile.c -o /home/open5gs/open5gs/build/meson-private/tmpg2k86ek1/output.obj -pipe -c -D_FILE_OFFSET_BITS=64 -O0 -Wno-missing-prototypes -Wmissing-prototypes 

Code:
 int i;

Compiler stdout:
 
Compiler stderr:
 
Compiler for C supports arguments -Wno-missing-prototypes -Wmissing-prototypes: YES 
Running compile:
Working directory:  /home/open5gs/open5gs/build/meson-private/tmpbn8xw5v_
Command line:  cc /home/open5gs/open5gs/build/meson-private/tmpbn8xw5v_/testfile.c -o /home/open5gs/open5gs/build/meson-private/tmpbn8xw5v_/output.obj -pipe -c -D_FILE_OFFSET_BITS=64 -O0 -Wno-missing-declarations -Wmissing-declarations 

Code:
 int i;

Compiler stdout:
 
Compiler stderr:
 
Compiler for C supports arguments -Wno-missing-declarations -Wmissing-declarations: YES 
Running compile:
Working directory:  /home/open5gs/open5gs/build/meson-private/tmpd6vd0tfr
Command line:  cc /home/open5gs/open5gs/build/meson-private/tmpd6vd0tfr/testfile.c -o /home/open5gs/open5gs/build/meson-private/tmpd6vd0tfr/output.obj -pipe -c -D_FILE_OFFSET_BITS=64 -O0 -Wno-discarded-qualifiers -Wdiscarded-qualifiers 

Code:
 int i;

Compiler stdout:
 
Compiler stderr:
 
Compiler for C supports arguments -Wno-discarded-qualifiers -Wdiscarded-qualifiers: YES 
Running compile:
Working directory:  /home/open5gs/open5gs/build/meson-private/tmp0m7vry5f
Command line:  cc /home/open5gs/open5gs/build/meson-private/tmp0m7vry5f/testfile.c -o /home/open5gs/open5gs/build/meson-private/tmp0m7vry5f/output.obj -pipe -c -D_FILE_OFFSET_BITS=64 -O0 -Wno-redundant-decls -Wredundant-decls 

Code:
 int i;

Compiler stdout:
 
Compiler stderr:
 
Compiler for C supports arguments -Wno-redundant-decls -Wredundant-decls: YES 
Running compile:
Working directory:  /home/open5gs/open5gs/build/meson-private/tmp0hr1jeqv
Command line:  cc /home/open5gs/open5gs/build/meson-private/tmp0hr1jeqv/testfile.c -o /home/open5gs/open5gs/build/meson-private/tmp0hr1jeqv/output.obj -pipe -c -D_FILE_OFFSET_BITS=64 -O0 -Wno-shift-overflow -Wshift-overflow 

Code:
 int i;

Compiler stdout:
 
Compiler stderr:
 
Compiler for C supports arguments -Wno-shift-overflow -Wshift-overflow: YES 
Running compile:
Working directory:  /home/open5gs/open5gs/build/meson-private/tmpjolurvmr
Command line:  cc /home/open5gs/open5gs/build/meson-private/tmpjolurvmr/testfile.c -o /home/open5gs/open5gs/build/meson-private/tmpjolurvmr/output.obj -pipe -c -D_FILE_OFFSET_BITS=64 -O0 -Wno-float-equal -Wfloat-equal 

Code:
 int i;

Compiler stdout:
 
Compiler stderr:
 
Compiler for C supports arguments -Wno-float-equal -Wfloat-equal: YES 
Running compile:
Working directory:  /home/open5gs/open5gs/build/meson-private/tmppwzmqcb4
Command line:  cc /home/open5gs/open5gs/build/meson-private/tmppwzmqcb4/testfile.c -o /home/open5gs/open5gs/build/meson-private/tmppwzmqcb4/output.obj -pipe -c -D_FILE_OFFSET_BITS=64 -O0 -Wno-implicit-fallthrough -Wimplicit-fallthrough 

Code:
 int i;

Compiler stdout:
 
Compiler stderr:
 
Compiler for C supports arguments -Wno-implicit-fallthrough -Wimplicit-fallthrough: YES 
Running compile:
Working directory:  /home/open5gs/open5gs/build/meson-private/tmp1s476_wc
Command line:  cc /home/open5gs/open5gs/build/meson-private/tmp1s476_wc/testfile.c -o /home/open5gs/open5gs/build/meson-private/tmp1s476_wc/output.obj -pipe -c -D_FILE_OFFSET_BITS=64 -O0 -Wno-incompatible-pointer-types-discards-qualifiers -Wincompatible-pointer-types-discards-qualifiers 

Code:
 int i;

Compiler stdout:
 
Compiler stderr:
 cc: error: unrecognized command line option '-Wincompatible-pointer-types-discards-qualifiers'

Compiler for C supports arguments -Wno-incompatible-pointer-types-discards-qualifiers -Wincompatible-pointer-types-discards-qualifiers: NO 
Running compile:
Working directory:  /home/open5gs/open5gs/build/meson-private/tmpoibanvek
Command line:  cc /home/open5gs/open5gs/build/meson-private/tmpoibanvek/testfile.c -o /home/open5gs/open5gs/build/meson-private/tmpoibanvek/output.obj -pipe -c -D_FILE_OFFSET_BITS=64 -O0 -Wno-format-nonliteral -Wformat-nonliteral 

Code:
 int i;

Compiler stdout:
 
Compiler stderr:
 
Compiler for C supports arguments -Wno-format-nonliteral -Wformat-nonliteral: YES 
Running compile:
Working directory:  /home/open5gs/open5gs/build/meson-private/tmpnlmsrewz
Command line:  cc /home/open5gs/open5gs/build/meson-private/tmpnlmsrewz/testfile.c -o /home/open5gs/open5gs/build/meson-private/tmpnlmsrewz/output.obj -pipe -c -D_FILE_OFFSET_BITS=64 -O0 -Wno-cpp -Wcpp 

Code:
 int i;

Compiler stdout:
 
Compiler stderr:
 
Compiler for C supports arguments -Wno-cpp -Wcpp: YES 
Pkg-config binary for MachineChoice.HOST is cached.
Determining dependency 'yaml-0.1' with pkg-config executable '/usr/bin/pkg-config'
PKG_CONFIG_PATH: 
Called `/usr/bin/pkg-config --modversion yaml-0.1` -> 0
0.2.2
PKG_CONFIG_PATH: 
Called `/usr/bin/pkg-config --cflags yaml-0.1` -> 0

PKG_CONFIG_PATH: 
Called `/usr/bin/pkg-config yaml-0.1 --libs` -> 0
-L/usr/lib/x86_64-linux-gnu -lyaml
PKG_CONFIG_PATH: 
Called `/usr/bin/pkg-config yaml-0.1 --libs` -> 0
-lyaml
Run-time dependency yaml-0.1 found: YES 0.2.2
Pkg-config binary for MachineChoice.HOST is cached.
Determining dependency 'libmicrohttpd' with pkg-config executable '/usr/bin/pkg-config'
PKG_CONFIG_PATH: 
Called `/usr/bin/pkg-config --modversion libmicrohttpd` -> 0
0.9.66
PKG_CONFIG_PATH: 
Called `/usr/bin/pkg-config --cflags libmicrohttpd` -> 0
-I/usr/include/p11-kit-1
PKG_CONFIG_PATH: 
Called `/usr/bin/pkg-config libmicrohttpd --libs` -> 0
-L/usr/lib/x86_64-linux-gnu -lmicrohttpd
PKG_CONFIG_PATH: 
Called `/usr/bin/pkg-config libmicrohttpd --libs` -> 0
-lmicrohttpd
Run-time dependency libmicrohttpd found: YES 0.9.66
WARNING: Project targeting '>= 0.43.0' but tried to use feature introduced in '0.51.0': subproject

Executing subproject prometheus-client-c method cmake 

CMake binary for MachineChoice.HOST is not cached
CMake binary missing from cross or native file, or env var undefined.
Trying a default CMake fallback at cmake
Trying CMake binary cmake for machine MachineChoice.HOST at ['/usr/bin/cmake']
Found CMake: /usr/bin/cmake (3.16.3)

Configuring the build directory with CMake version 3.16.3
Running: /usr/bin/cmake -DCMAKE_C_COMPILER=cc -DCMAKE_CXX_COMPILER=c++ -G Ninja -DCMAKE_INSTALL_PREFIX=/home/open5gs/open5gs/install
  - build directory:          /home/open5gs/open5gs/build/subprojects/prometheus-client-c/__CMake_build
  - source directory:         /home/open5gs/open5gs/subprojects/prometheus-client-c
  - trace args:               --trace --trace-expand --no-warn-unused-cli
  - preload file:             /usr/lib/python3/dist-packages/mesonbuild/cmake/data/preload.cmake
  - disabled policy warnings: [CMP0025, CMP0047, CMP0056, CMP0060, CMP0065, CMP0066, CMP0067, CMP0082, CMP0089]

Running with trace output on.
Running with expanded trace output on.
Not searching for unused variables given on the command line.
-- The C compiler identification is GNU 9.4.0
-- Check for working C compiler: /usr/bin/cc
-- Check for working C compiler: /usr/bin/cc -- works
-- Detecting C compiler ABI info
-- Detecting C compiler ABI info - done
-- Detecting C compile features
-- Detecting C compile features - done
-- Looking for pthread.h
-- Looking for pthread.h - found
-- Performing Test CMAKE_HAVE_LIBC_PTHREAD
-- Performing Test CMAKE_HAVE_LIBC_PTHREAD - Failed
-- Looking for pthread_create in pthreads
-- Looking for pthread_create in pthreads - not found
-- Looking for pthread_create in pthread
-- Looking for pthread_create in pthread - found
-- Found Threads: TRUE  
-- Performing Test HAVE_C_ATOMICS_WITHOUT_LIB
-- Performing Test HAVE_C_ATOMICS_WITHOUT_LIB - Success
-- Performing Test HAVE_C_ATOMICS64_WITHOUT_LIB
-- Performing Test HAVE_C_ATOMICS64_WITHOUT_LIB - Success
-- Configuring done
-- Generating done
-- Build files have been written to: /home/open5gs/open5gs/build/subprojects/prometheus-client-c/__CMake_build

CMake configuration: SUCCEEDED
CMake TARGET:
  -- name:      prom
  -- type:      NORMAL
  -- imported:  False
  -- properties: {
      'COMPILE_OPTIONS': ['-Werror', '-Wuninitialized', '-Wall', '-Wno-unused-label', '-std=gnu11', '-Werror', '-Wuninitialized', '-Wall', '-Wno-unused-label', '-std=gnu11']
      'INTERFACE_COMPILE_OPTIONS': ['-Werror', '-Wuninitialized', '-Wall', '-Wno-unused-label', '-std=gnu11']
      'INCLUDE_DIRECTORIES': ['/home/open5gs/open5gs/subprojects/prometheus-client-c/prom/include /home/open5gs/open5gs/subprojects/prometheus-client-c/prom/src']
      'INTERFACE_INCLUDE_DIRECTORIES': ['/home/open5gs/open5gs/subprojects/prometheus-client-c/prom/include']
      'LINK_LIBRARIES': ['Threads::Threads']
      'INTERFACE_LINK_LIBRARIES': ['Threads::Threads']
     }
  -- tline: CMake TRACE: /home/open5gs/open5gs/subprojects/prometheus-client-c/prom/CMakeLists.txt:106 add_library(['prom', 'SHARED'])
CMake TARGET:
  -- name:      Threads::Threads
  -- type:      INTERFACE
  -- imported:  True
  -- properties: {
      'INTERFACE_LINK_LIBRARIES': ['-lpthread']
     }
  -- tline: CMake TRACE: /usr/share/cmake-3.16/Modules/FindThreads.cmake:223 add_library(['Threads::Threads', 'INTERFACE', 'IMPORTED'])
CMake project prometheus-client-c has 1 build targets.

Processing generated meson AST
Build file: /home/open5gs/open5gs/build/subprojects/prometheus-client-c/meson.build

Project name: prometheus-client-c
Project version: undefined
C compiler for the build machine: cc (gcc 9.4.0 "cc (Ubuntu 9.4.0-1ubuntu1~20.04.2) 9.4.0")
C linker for the build machine: cc ld.bfd 2.34
C compiler for the host machine: cc (gcc 9.4.0 "cc (Ubuntu 9.4.0-1ubuntu1~20.04.2) 9.4.0")
C linker for the host machine: cc ld.bfd 2.34
Program /usr/lib/python3/dist-packages/mesonbuild/cmake/data/run_ctgt.py found: YES (/usr/lib/python3/dist-packages/mesonbuild/cmake/data/run_ctgt.py)
Build targets in project: 8
Subproject prometheus-client-c finished.


Running compile:
Working directory:  /home/open5gs/open5gs/build/meson-private/tmp_ypxt95n
Command line:  cc /home/open5gs/open5gs/build/meson-private/tmp_ypxt95n/testfile.c -pipe -E -P -D_FILE_OFFSET_BITS=64 -P -O0 -std=gnu89 

Code:
 
        #ifdef __has_include
         #if !__has_include("netinet/sctp.h")
          #error "Header 'netinet/sctp.h' could not be found"
         #endif
        #else
         #include <netinet/sctp.h>
        #endif
Compiler stdout:
 
Compiler stderr:
 
Has header "netinet/sctp.h" : YES 
Running compile:
Working directory:  /home/open5gs/open5gs/build/meson-private/tmpu5kgcf2l
Command line:  cc /home/open5gs/open5gs/build/meson-private/tmpu5kgcf2l/testfile.c -o /home/open5gs/open5gs/build/meson-private/tmpu5kgcf2l/output.exe -pipe -D_FILE_OFFSET_BITS=64 -O0 -Wl,--start-group -lsctp -Wl,--end-group -Wl,--allow-shlib-undefined 

Code:
 int main(void) { return 0; }
Compiler stdout:
 
Compiler stderr:
 
Library sctp found: YES
Configuring sctp-config.h using configuration

Executing subproject freeDiameter method meson 

Project name: freediameter
Project version: 1.5.0
C compiler for the build machine: cc (gcc 9.4.0 "cc (Ubuntu 9.4.0-1ubuntu1~20.04.2) 9.4.0")
C linker for the build machine: cc ld.bfd 2.34
C compiler for the host machine: cc (gcc 9.4.0 "cc (Ubuntu 9.4.0-1ubuntu1~20.04.2) 9.4.0")
C linker for the host machine: cc ld.bfd 2.34
Program flex found: YES (/usr/bin/flex)
Program bison found: YES (/usr/bin/bison)
Running compile:
Working directory:  /home/open5gs/open5gs/build/meson-private/tmpphf4jo1k
Command line:  cc /home/open5gs/open5gs/build/meson-private/tmpphf4jo1k/testfile.c -o /home/open5gs/open5gs/build/meson-private/tmpphf4jo1k/output.obj -pipe -c -D_FILE_OFFSET_BITS=64 -O0 -Werror 

Code:
 int i;

Compiler stdout:
 
Compiler stderr:
 
Compiler for C supports arguments -Werror: YES 
Running compile:
Working directory:  /home/open5gs/open5gs/build/meson-private/tmpqt0130au
Command line:  cc /home/open5gs/open5gs/build/meson-private/tmpqt0130au/testfile.c -o /home/open5gs/open5gs/build/meson-private/tmpqt0130au/output.obj -pipe -c -D_FILE_OFFSET_BITS=64 -O0 -Wno-unused-variable -Wunused-variable 

Code:
 int i;

Compiler stdout:
 
Compiler stderr:
 
Compiler for C supports arguments -Wno-unused-variable -Wunused-variable: YES 
Running compile:
Working directory:  /home/open5gs/open5gs/build/meson-private/tmpmlrash7r
Command line:  cc /home/open5gs/open5gs/build/meson-private/tmpmlrash7r/testfile.c -o /home/open5gs/open5gs/build/meson-private/tmpmlrash7r/output.obj -pipe -c -D_FILE_OFFSET_BITS=64 -O0 -Wno-unused-but-set-variable -Wunused-but-set-variable 

Code:
 int i;

Compiler stdout:
 
Compiler stderr:
 
Compiler for C supports arguments -Wno-unused-but-set-variable -Wunused-but-set-variable: YES 
Running compile:
Working directory:  /home/open5gs/open5gs/build/meson-private/tmpfs07rohz
Command line:  cc /home/open5gs/open5gs/build/meson-private/tmpfs07rohz/testfile.c -o /home/open5gs/open5gs/build/meson-private/tmpfs07rohz/output.obj -pipe -c -D_FILE_OFFSET_BITS=64 -O0 -Wno-maybe-uninitialized -Wmaybe-uninitialized 

Code:
 int i;

Compiler stdout:
 
Compiler stderr:
 
Compiler for C supports arguments -Wno-maybe-uninitialized -Wmaybe-uninitialized: YES 
Running compile:
Working directory:  /home/open5gs/open5gs/build/meson-private/tmpp9tkrr37
Command line:  cc /home/open5gs/open5gs/build/meson-private/tmpp9tkrr37/testfile.c -o /home/open5gs/open5gs/build/meson-private/tmpp9tkrr37/output.obj -pipe -c -D_FILE_OFFSET_BITS=64 -O0 -Wno-format-truncation -Wformat-truncation 

Code:
 int i;

Compiler stdout:
 
Compiler stderr:
 
Compiler for C supports arguments -Wno-format-truncation -Wformat-truncation: YES 
Running compile:
Working directory:  /home/open5gs/open5gs/build/meson-private/tmpp5jo4myi
Command line:  cc /home/open5gs/open5gs/build/meson-private/tmpp5jo4myi/testfile.c -o /home/open5gs/open5gs/build/meson-private/tmpp5jo4myi/output.obj -pipe -c -D_FILE_OFFSET_BITS=64 -O0 -Wno-stringop-truncation -Wstringop-truncation 

Code:
 int i;

Compiler stdout:
 
Compiler stderr:
 
Compiler for C supports arguments -Wno-stringop-truncation -Wstringop-truncation: YES 
Running compile:
Working directory:  /home/open5gs/open5gs/build/meson-private/tmpy5fjk_3p
Command line:  cc /home/open5gs/open5gs/build/meson-private/tmpy5fjk_3p/testfile.c -pipe -E -P -D_FILE_OFFSET_BITS=64 -P -O0 -std=gnu89 

Code:
 
        #ifdef __has_include
         #if !__has_include("malloc.h")
          #error "Header 'malloc.h' could not be found"
         #endif
        #else
         #include <malloc.h>
        #endif
Compiler stdout:
 
Compiler stderr:
 
Has header "malloc.h" : YES 
Running compile:
Working directory:  /home/open5gs/open5gs/build/meson-private/tmpz4s4_rup
Command line:  cc /home/open5gs/open5gs/build/meson-private/tmpz4s4_rup/testfile.c -pipe -E -P -D_FILE_OFFSET_BITS=64 -P -O0 -std=gnu89 

Code:
 
        #ifdef __has_include
         #if !__has_include("signalent.h")
          #error "Header 'signalent.h' could not be found"
         #endif
        #else
         #include <signalent.h>
        #endif
Compiler stdout:
 
Compiler stderr:
 /home/open5gs/open5gs/build/meson-private/tmpz4s4_rup/testfile.c:4:12: error: #error "Header 'signalent.h' could not be found"
    4 |           #error "Header 'signalent.h' could not be found"
      |            ^~~~~

Has header "signalent.h" : NO 
Running compile:
Working directory:  /home/open5gs/open5gs/build/meson-private/tmplo4a93lp
Command line:  cc /home/open5gs/open5gs/build/meson-private/tmplo4a93lp/testfile.c -o /home/open5gs/open5gs/build/meson-private/tmplo4a93lp/output.exe -pipe -D_FILE_OFFSET_BITS=64 -O0 -std=gnu89 

Code:
 
        #define strndup meson_disable_define_of_strndup
        
        #include <limits.h>
        #undef strndup
        
        #ifdef __cplusplus
        extern "C"
        #endif
        char strndup (void);
        
        #if defined __stub_strndup || defined __stub___strndup
        fail fail fail this function is not going to work
        #endif
        
        int main(void) {
          return strndup ();
        }
Compiler stdout:
 
Compiler stderr:
 /home/open5gs/open5gs/build/meson-private/tmplo4a93lp/testfile.c:10:14: warning: conflicting types for built-in function 'strndup'; expected 'char *(const char *, long unsigned int)' [-Wbuiltin-declaration-mismatch]
   10 |         char strndup (void);
      |              ^~~~~~~

Checking for function "strndup" : YES 
Running compile:
Working directory:  /home/open5gs/open5gs/build/meson-private/tmpog3lt9m8
Command line:  cc /home/open5gs/open5gs/build/meson-private/tmpog3lt9m8/testfile.c -o /home/open5gs/open5gs/build/meson-private/tmpog3lt9m8/output.exe -pipe -D_FILE_OFFSET_BITS=64 -O0 -std=gnu89 

Code:
 
        #define getopt_long meson_disable_define_of_getopt_long
        
        #include <limits.h>
        #undef getopt_long
        
        #ifdef __cplusplus
        extern "C"
        #endif
        char getopt_long (void);
        
        #if defined __stub_getopt_long || defined __stub___getopt_long
        fail fail fail this function is not going to work
        #endif
        
        int main(void) {
          return getopt_long ();
        }
Compiler stdout:
 
Compiler stderr:
 
Checking for function "getopt_long" : YES 
Using cached compile:
Cached command line:  cc /home/open5gs/open5gs/build/meson-private/tmpwooeardd/testfile.c -o /home/open5gs/open5gs/build/meson-private/tmpwooeardd/output.exe -pipe -D_FILE_OFFSET_BITS=64 -O0 -std=gnu89 

Code:
 
        #define getifaddrs meson_disable_define_of_getifaddrs
        
        #include <limits.h>
        #undef getifaddrs
        
        #ifdef __cplusplus
        extern "C"
        #endif
        char getifaddrs (void);
        
        #if defined __stub_getifaddrs || defined __stub___getifaddrs
        fail fail fail this function is not going to work
        #endif
        
        int main(void) {
          return getifaddrs ();
        }
Cached compiler stdout:
 
Cached compiler stderr:
 
Checking for function "getifaddrs" : YES (cached)
Running compile:
Working directory:  /home/open5gs/open5gs/build/meson-private/tmp41o7lqy_
Command line:  cc /home/open5gs/open5gs/build/meson-private/tmp41o7lqy_/testfile.c -o /home/open5gs/open5gs/build/meson-private/tmp41o7lqy_/output.obj -pipe -c -D_FILE_OFFSET_BITS=64 -O0 -std=gnu89 

Code:
 
        #include <netinet/in.h>
        int main(void) {
            /* If it's not defined as a macro, try to use as a symbol */
            #ifndef ntohll
                ntohll;
            #endif
            return 0;
        }
Compiler stdout:
 
Compiler stderr:
 /home/open5gs/open5gs/build/meson-private/tmp41o7lqy_/testfile.c: In function 'main':
/home/open5gs/open5gs/build/meson-private/tmp41o7lqy_/testfile.c:6:17: error: 'ntohll' undeclared (first use in this function); did you mean 'ntohl'?
    6 |                 ntohll;
      |                 ^~~~~~
      |                 ntohl
/home/open5gs/open5gs/build/meson-private/tmp41o7lqy_/testfile.c:6:17: note: each undeclared identifier is reported only once for each function it appears in

Header <netinet/in.h> has symbol "ntohll" : NO 
Running compile:
Working directory:  /home/open5gs/open5gs/build/meson-private/tmp5otsrith
Command line:  cc /home/open5gs/open5gs/build/meson-private/tmp5otsrith/testfile.c -o /home/open5gs/open5gs/build/meson-private/tmp5otsrith/output.obj -pipe -c -D_FILE_OFFSET_BITS=64 -O0 -std=gnu89 

Code:
 
        #include <netdb.h>
        int main(void) {
            /* If it's not defined as a macro, try to use as a symbol */
            #ifndef AI_ADDRCONFIG
                AI_ADDRCONFIG;
            #endif
            return 0;
        }
Compiler stdout:
 
Compiler stderr:
 
Header <netdb.h> has symbol "AI_ADDRCONFIG" : YES 
Dependency threads found: YES unknown (cached)
Using cached compile:
Cached command line:  cc /home/open5gs/open5gs/build/meson-private/tmpagjr1_ey/testfile.c -o /home/open5gs/open5gs/build/meson-private/tmpagjr1_ey/output.obj -pipe -c -D_FILE_OFFSET_BITS=64 -O0 -std=gnu89 

Code:
 
        #include <pthread.h>
        int main(void) {
            /* If it's not defined as a macro, try to use as a symbol */
            #ifndef pthread_barrier_wait
                pthread_barrier_wait;
            #endif
            return 0;
        }
Cached compiler stdout:
 
Cached compiler stderr:
 
Header <pthread.h> has symbol "pthread_barrier_wait" : YES (cached)
Using cached compile:
Cached command line:  cc /home/open5gs/open5gs/build/meson-private/tmpq4aubib0/testfile.c -o /home/open5gs/open5gs/build/meson-private/tmpq4aubib0/output.exe -pipe -D_FILE_OFFSET_BITS=64 -O0 -std=gnu89 

Code:
 
    #include <time.h>
    struct timespec t;
    int main (int argc, char ** argv) {
        return clock_gettime(CLOCK_REALTIME, &t);
    }
Cached compiler stdout:
 
Cached compiler stderr:
 
Checking if "clock_gettime()" links: YES (cached)
Running compile:
Working directory:  /home/open5gs/open5gs/build/meson-private/tmp6ops2_rq
Command line:  cc /home/open5gs/open5gs/build/meson-private/tmp6ops2_rq/testfile.c -o /home/open5gs/open5gs/build/meson-private/tmp6ops2_rq/output.exe -pipe -D_FILE_OFFSET_BITS=64 -O0 -std=gnu89 

Code:
 
    #include <dlfcn.h>
    int underscore_test (void) { return 42; }
    int main (int argc, char ** argv) {
        void *f1 = (void*)0, *f2 = (void*)0, *handle;
        handle = dlopen ((void*)0, 0);
        if (handle) {
            f1 = dlsym (handle, "underscore_test");
            f2 = dlsym (handle, "_underscore_test");
        }
        return (!f2 || f1);
    }
Compiler stdout:
 
Compiler stderr:
 /usr/bin/ld: /tmp/ccju2mjw.o: in function `main':
testfile.c:(.text+0x3d): undefined reference to `dlopen'
/usr/bin/ld: testfile.c:(.text+0x5b): undefined reference to `dlsym'
/usr/bin/ld: testfile.c:(.text+0x72): undefined reference to `dlsym'
collect2: error: ld returned 1 exit status

Checking if "dlopen() and dlsym() in system libraries" links: NO 
Running compile:
Working directory:  /home/open5gs/open5gs/build/meson-private/tmp1_w3lswq
Command line:  cc /home/open5gs/open5gs/build/meson-private/tmp1_w3lswq/testfile.c -o /home/open5gs/open5gs/build/meson-private/tmp1_w3lswq/output.exe -pipe -D_FILE_OFFSET_BITS=64 -O0 -std=gnu89 -Wl,--start-group -ldl -Wl,--end-group 

Code:
 
    #include <dlfcn.h>
    int underscore_test (void) { return 42; }
    int main (int argc, char ** argv) {
        void *f1 = (void*)0, *f2 = (void*)0, *handle;
        handle = dlopen ((void*)0, 0);
        if (handle) {
            f1 = dlsym (handle, "underscore_test");
            f2 = dlsym (handle, "_underscore_test");
        }
        return (!f2 || f1);
    }
Compiler stdout:
 
Compiler stderr:
 
Checking if "dlopen() and dlsym() in libdl" links: YES 
Running compile:
Working directory:  /home/open5gs/open5gs/build/meson-private/tmpi5mytj6w
Command line:  cc /home/open5gs/open5gs/build/meson-private/tmpi5mytj6w/testfile.c -o /home/open5gs/open5gs/build/meson-private/tmpi5mytj6w/output.exe -pipe -D_FILE_OFFSET_BITS=64 -O0 -Wl,--start-group -ldl -Wl,--end-group -Wl,--allow-shlib-undefined 

Code:
 int main(void) { return 0; }
Compiler stdout:
 
Compiler stderr:
 
Library dl found: YES
Running compile:
Working directory:  /home/open5gs/open5gs/build/meson-private/tmponnscc0m
Command line:  cc /home/open5gs/open5gs/build/meson-private/tmponnscc0m/testfile.c -o /home/open5gs/open5gs/build/meson-private/tmponnscc0m/output.exe -pipe -D_FILE_OFFSET_BITS=64 -O0 -Wl,--start-group -lgcrypt -Wl,--end-group -Wl,--allow-shlib-undefined 

Code:
 int main(void) { return 0; }
Compiler stdout:
 
Compiler stderr:
 
Library gcrypt found: YES
Running compile:
Working directory:  /home/open5gs/open5gs/build/meson-private/tmpu218m6c_
Command line:  cc /home/open5gs/open5gs/build/meson-private/tmpu218m6c_/testfile.c -o /home/open5gs/open5gs/build/meson-private/tmpu218m6c_/output.exe -pipe -D_FILE_OFFSET_BITS=64 -O0 -Wl,--start-group -lidn -Wl,--end-group -Wl,--allow-shlib-undefined 

Code:
 int main(void) { return 0; }
Compiler stdout:
 
Compiler stderr:
 
Library idn found: YES
Running compile:
Working directory:  /home/open5gs/open5gs/build/meson-private/tmpbilhvn0z
Command line:  cc /home/open5gs/open5gs/build/meson-private/tmpbilhvn0z/testfile.c -o /home/open5gs/open5gs/build/meson-private/tmpbilhvn0z/output.exe -pipe -D_FILE_OFFSET_BITS=64 -O0 -Wl,--start-group -lgnutls -Wl,--end-group -Wl,--allow-shlib-undefined 

Code:
 int main(void) { return 0; }
Compiler stdout:
 
Compiler stderr:
 
Library gnutls found: YES
Running compile:
Working directory:  /home/open5gs/open5gs/build/meson-private/tmp3srtxu51
Command line:  cc /home/open5gs/open5gs/build/meson-private/tmp3srtxu51/testfile.c -o /home/open5gs/open5gs/build/meson-private/tmp3srtxu51/output.exe -pipe -D_FILE_OFFSET_BITS=64 -O0 -std=gnu89 -Wl,--start-group -lgnutls -Wl,--end-group 

Code:
 
        #define gnutls_hash meson_disable_define_of_gnutls_hash
        
        #include <limits.h>
        #undef gnutls_hash
        
        #ifdef __cplusplus
        extern "C"
        #endif
        char gnutls_hash (void);
        
        #if defined __stub_gnutls_hash || defined __stub___gnutls_hash
        fail fail fail this function is not going to work
        #endif
        
        int main(void) {
          return gnutls_hash ();
        }
Compiler stdout:
 
Compiler stderr:
 
Checking for function "gnutls_hash" : YES 
Running compile:
Working directory:  /home/open5gs/open5gs/build/meson-private/tmp1mtgkyzx
Command line:  cc /home/open5gs/open5gs/build/meson-private/tmp1mtgkyzx/testfile.c -o /home/open5gs/open5gs/build/meson-private/tmp1mtgkyzx/output.exe -pipe -D_FILE_OFFSET_BITS=64 -O0 -std=gnu89 -Wl,--start-group -lgnutls -Wl,--end-group 

Code:
 
        #define gnutls_transport_set_vec_push_function meson_disable_define_of_gnutls_transport_set_vec_push_function
        
        #include <limits.h>
        #undef gnutls_transport_set_vec_push_function
        
        #ifdef __cplusplus
        extern "C"
        #endif
        char gnutls_transport_set_vec_push_function (void);
        
        #if defined __stub_gnutls_transport_set_vec_push_function || defined __stub___gnutls_transport_set_vec_push_function
        fail fail fail this function is not going to work
        #endif
        
        int main(void) {
          return gnutls_transport_set_vec_push_function ();
        }
Compiler stdout:
 
Compiler stderr:
 
Checking for function "gnutls_transport_set_vec_push_function" : YES 
Running compile:
Working directory:  /home/open5gs/open5gs/build/meson-private/tmp4_stico2
Command line:  cc /home/open5gs/open5gs/build/meson-private/tmp4_stico2/testfile.c -o /home/open5gs/open5gs/build/meson-private/tmp4_stico2/output.exe -pipe -D_FILE_OFFSET_BITS=64 -O0 -std=gnu89 -Wl,--start-group -lgnutls -Wl,--end-group 

Code:
 
        #define gnutls_x509_trust_list_verify_crt meson_disable_define_of_gnutls_x509_trust_list_verify_crt
        
        #include <limits.h>
        #undef gnutls_x509_trust_list_verify_crt
        
        #ifdef __cplusplus
        extern "C"
        #endif
        char gnutls_x509_trust_list_verify_crt (void);
        
        #if defined __stub_gnutls_x509_trust_list_verify_crt || defined __stub___gnutls_x509_trust_list_verify_crt
        fail fail fail this function is not going to work
        #endif
        
        int main(void) {
          return gnutls_x509_trust_list_verify_crt ();
        }
Compiler stdout:
 
Compiler stderr:
 
Checking for function "gnutls_x509_trust_list_verify_crt" : YES 
Running compile:
Working directory:  /home/open5gs/open5gs/build/meson-private/tmpdgcsbhm6
Command line:  cc /home/open5gs/open5gs/build/meson-private/tmpdgcsbhm6/testfile.c -o /home/open5gs/open5gs/build/meson-private/tmpdgcsbhm6/output.exe -pipe -D_FILE_OFFSET_BITS=64 -O0 -std=gnu89 -Wl,--start-group -lgnutls -Wl,--end-group 

Code:
 
        #define gnutls_handshake_set_timeout meson_disable_define_of_gnutls_handshake_set_timeout
        
        #include <limits.h>
        #undef gnutls_handshake_set_timeout
        
        #ifdef __cplusplus
        extern "C"
        #endif
        char gnutls_handshake_set_timeout (void);
        
        #if defined __stub_gnutls_handshake_set_timeout || defined __stub___gnutls_handshake_set_timeout
        fail fail fail this function is not going to work
        #endif
        
        int main(void) {
          return gnutls_handshake_set_timeout ();
        }
Compiler stdout:
 
Compiler stderr:
 
Checking for function "gnutls_handshake_set_timeout" : YES 
Library sctp found: YES
Running compile:
Working directory:  /home/open5gs/open5gs/build/meson-private/tmpdm6v2ta9
Command line:  cc /home/open5gs/open5gs/build/meson-private/tmpdm6v2ta9/testfile.c -o /home/open5gs/open5gs/build/meson-private/tmpdm6v2ta9/output.obj -pipe -c -D_FILE_OFFSET_BITS=64 -O0 -std=gnu89 

Code:
 #include <unistd.h>
                      #include <netinet/sctp.h>
                      int main (int argc, char ** argv) {
                          sctp_connectx(0, NULL, 0, NULL);
                      }
Compiler stdout:
 
Compiler stderr:
 
Checking if "sctp_connectx() accepts 4 arguments" compiles: YES 
Configuring freeDiameter-host.h using configuration
Configuring version.h using configuration
Running compile:
Working directory:  /home/open5gs/open5gs/build/meson-private/tmpsrr8ibf_
Command line:  cc /home/open5gs/open5gs/build/meson-private/tmpsrr8ibf_/testfile.c -o /home/open5gs/open5gs/build/meson-private/tmpsrr8ibf_/output.obj -pipe -c -D_FILE_OFFSET_BITS=64 -O0 -std=gnu89 

Code:
 
        #include <regex.h>
        int main(void) {
            /* If it's not defined as a macro, try to use as a symbol */
            #ifndef REG_STARTEND
                REG_STARTEND;
            #endif
            return 0;
        }
Compiler stdout:
 
Compiler stderr:
 
Header <regex.h> has symbol "REG_STARTEND" : YES 
Configuring rt_default-host.h using configuration
Build targets in project: 22
Subproject freeDiameter finished.

Running compile:
Working directory:  /home/open5gs/open5gs/build/meson-private/tmpkpdtvlvt
Command line:  cc /home/open5gs/open5gs/build/meson-private/tmpkpdtvlvt/testfile.c -o /home/open5gs/open5gs/build/meson-private/tmpkpdtvlvt/output.obj -pipe -c -D_FILE_OFFSET_BITS=64 -O0 -Wno-missing-prototypes -Wmissing-prototypes 

Code:
 int i;

Compiler stdout:
 
Compiler stderr:
 
Compiler for C supports arguments -Wno-missing-prototypes -Wmissing-prototypes: YES 
Running compile:
Working directory:  /home/open5gs/open5gs/build/meson-private/tmpbx5nezi_
Command line:  cc /home/open5gs/open5gs/build/meson-private/tmpbx5nezi_/testfile.c -o /home/open5gs/open5gs/build/meson-private/tmpbx5nezi_/output.obj -pipe -c -D_FILE_OFFSET_BITS=64 -O0 -Wno-missing-declarations -Wmissing-declarations 

Code:
 int i;

Compiler stdout:
 
Compiler stderr:
 
Compiler for C supports arguments -Wno-missing-declarations -Wmissing-declarations: YES 
Running compile:
Working directory:  /home/open5gs/open5gs/build/meson-private/tmp62vo0t4p
Command line:  cc /home/open5gs/open5gs/build/meson-private/tmp62vo0t4p/testfile.c -o /home/open5gs/open5gs/build/meson-private/tmp62vo0t4p/output.obj -pipe -c -D_FILE_OFFSET_BITS=64 -O0 -Wno-discarded-qualifiers -Wdiscarded-qualifiers 

Code:
 int i;

Compiler stdout:
 
Compiler stderr:
 
Compiler for C supports arguments -Wno-discarded-qualifiers -Wdiscarded-qualifiers: YES 
Running compile:
Working directory:  /home/open5gs/open5gs/build/meson-private/tmp7ibkcbm6
Command line:  cc /home/open5gs/open5gs/build/meson-private/tmp7ibkcbm6/testfile.c -o /home/open5gs/open5gs/build/meson-private/tmp7ibkcbm6/output.obj -pipe -c -D_FILE_OFFSET_BITS=64 -O0 -Wno-incompatible-pointer-types -Wincompatible-pointer-types 

Code:
 int i;

Compiler stdout:
 
Compiler stderr:
 
Compiler for C supports arguments -Wno-incompatible-pointer-types -Wincompatible-pointer-types: YES 
Running compile:
Working directory:  /home/open5gs/open5gs/build/meson-private/tmpa2ihnky_
Command line:  cc /home/open5gs/open5gs/build/meson-private/tmpa2ihnky_/testfile.c -o /home/open5gs/open5gs/build/meson-private/tmpa2ihnky_/output.obj -pipe -c -D_FILE_OFFSET_BITS=64 -O0 -Wno-strict-prototypes -Wstrict-prototypes 

Code:
 int i;

Compiler stdout:
 
Compiler stderr:
 
Compiler for C supports arguments -Wno-strict-prototypes -Wstrict-prototypes: YES 
Running compile:
Working directory:  /home/open5gs/open5gs/build/meson-private/tmp6h53265d
Command line:  cc /home/open5gs/open5gs/build/meson-private/tmp6h53265d/testfile.c -o /home/open5gs/open5gs/build/meson-private/tmp6h53265d/output.obj -pipe -c -D_FILE_OFFSET_BITS=64 -O0 -w 

Code:
 int i;

Compiler stdout:
 
Compiler stderr:
 
Compiler for C supports arguments -w: YES 
Running compile:
Working directory:  /home/open5gs/open5gs/build/meson-private/tmp9lj2hi8g
Command line:  cc /home/open5gs/open5gs/build/meson-private/tmp9lj2hi8g/testfile.c -o /home/open5gs/open5gs/build/meson-private/tmp9lj2hi8g/output.obj -pipe -c -D_FILE_OFFSET_BITS=64 -O0 -std=gnu99 

Code:
 int i;

Compiler stdout:
 
Compiler stderr:
 
Compiler for C supports arguments -std=gnu99: YES 
Running compile:
Working directory:  /home/open5gs/open5gs/build/meson-private/tmpmc9ypwl5
Command line:  cc /home/open5gs/open5gs/build/meson-private/tmpmc9ypwl5/testfile.c -pipe -E -P -D_FILE_OFFSET_BITS=64 -P -O0 -std=gnu89 

Code:
 
        #ifdef __has_include
         #if !__has_include("netinet/ip.h")
          #error "Header 'netinet/ip.h' could not be found"
         #endif
        #else
         #include <netinet/ip.h>
        #endif
Compiler stdout:
 
Compiler stderr:
 
Has header "netinet/ip.h" : YES 
Running compile:
Working directory:  /home/open5gs/open5gs/build/meson-private/tmp4s67sjd1
Command line:  cc /home/open5gs/open5gs/build/meson-private/tmp4s67sjd1/testfile.c -pipe -E -P -D_FILE_OFFSET_BITS=64 -P -O0 -std=gnu89 

Code:
 
        #ifdef __has_include
         #if !__has_include("netinet/ip6.h")
          #error "Header 'netinet/ip6.h' could not be found"
         #endif
        #else
         #include <netinet/ip6.h>
        #endif
Compiler stdout:
 
Compiler stderr:
 
Has header "netinet/ip6.h" : YES 
Using cached compile:
Cached command line:  cc /home/open5gs/open5gs/build/meson-private/tmp06k0qqmr/testfile.c -pipe -E -P -D_FILE_OFFSET_BITS=64 -P -O0 -std=gnu89 

Code:
 
        #ifdef __has_include
         #if !__has_include("netinet/udp.h")
          #error "Header 'netinet/udp.h' could not be found"
         #endif
        #else
         #include <netinet/udp.h>
        #endif
Cached compiler stdout:
 
Cached compiler stderr:
 
Has header "netinet/udp.h" : YES (cached)
Using cached compile:
Cached command line:  cc /home/open5gs/open5gs/build/meson-private/tmpyts7m8ml/testfile.c -pipe -E -P -D_FILE_OFFSET_BITS=64 -P -O0 -std=gnu89 

Code:
 
        #ifdef __has_include
         #if !__has_include("netinet/tcp.h")
          #error "Header 'netinet/tcp.h' could not be found"
         #endif
        #else
         #include <netinet/tcp.h>
        #endif
Cached compiler stdout:
 
Cached compiler stderr:
 
Has header "netinet/tcp.h" : YES (cached)
Configuring pfcp-config.h using configuration
Running compile:
Working directory:  /home/open5gs/open5gs/build/meson-private/tmps5c7m_pp
Command line:  cc /home/open5gs/open5gs/build/meson-private/tmps5c7m_pp/testfile.c -o /home/open5gs/open5gs/build/meson-private/tmps5c7m_pp/output.obj -pipe -c -D_FILE_OFFSET_BITS=64 -O0 -Wno-strict-prototypes -Wstrict-prototypes 

Code:
 int i;

Compiler stdout:
 
Compiler stderr:
 
Compiler for C supports arguments -Wno-strict-prototypes -Wstrict-prototypes: YES 
Running compile:
Working directory:  /home/open5gs/open5gs/build/meson-private/tmpe5vv8r2_
Command line:  cc /home/open5gs/open5gs/build/meson-private/tmpe5vv8r2_/testfile.c -o /home/open5gs/open5gs/build/meson-private/tmpe5vv8r2_/output.obj -pipe -c -D_FILE_OFFSET_BITS=64 -O0 -Wno-missing-prototypes -Wmissing-prototypes 

Code:
 int i;

Compiler stdout:
 
Compiler stderr:
 
Compiler for C supports arguments -Wno-missing-prototypes -Wmissing-prototypes: YES 
Running compile:
Working directory:  /home/open5gs/open5gs/build/meson-private/tmpi3b746yp
Command line:  cc /home/open5gs/open5gs/build/meson-private/tmpi3b746yp/testfile.c -o /home/open5gs/open5gs/build/meson-private/tmpi3b746yp/output.obj -pipe -c -D_FILE_OFFSET_BITS=64 -O0 -Wno-missing-declarations -Wmissing-declarations 

Code:
 int i;

Compiler stdout:
 
Compiler stderr:
 
Compiler for C supports arguments -Wno-missing-declarations -Wmissing-declarations: YES 
Running compile:
Working directory:  /home/open5gs/open5gs/build/meson-private/tmpllco0b_o
Command line:  cc /home/open5gs/open5gs/build/meson-private/tmpllco0b_o/testfile.c -o /home/open5gs/open5gs/build/meson-private/tmpllco0b_o/output.obj -pipe -c -D_FILE_OFFSET_BITS=64 -O0 -Wno-unused-variable -Wunused-variable 

Code:
 int i;

Compiler stdout:
 
Compiler stderr:
 
Compiler for C supports arguments -Wno-unused-variable -Wunused-variable: YES 
Running compile:
Working directory:  /home/open5gs/open5gs/build/meson-private/tmpyqy83k6f
Command line:  cc /home/open5gs/open5gs/build/meson-private/tmpyqy83k6f/testfile.c -o /home/open5gs/open5gs/build/meson-private/tmpyqy83k6f/output.obj -pipe -c -D_FILE_OFFSET_BITS=64 -O0 -Wno-unused-label -Wunused-label 

Code:
 int i;

Compiler stdout:
 
Compiler stderr:
 
Compiler for C supports arguments -Wno-unused-label -Wunused-label: YES 
Running compile:
Working directory:  /home/open5gs/open5gs/build/meson-private/tmp1cigelni
Command line:  cc /home/open5gs/open5gs/build/meson-private/tmp1cigelni/testfile.c -o /home/open5gs/open5gs/build/meson-private/tmp1cigelni/output.obj -pipe -c -D_FILE_OFFSET_BITS=64 -O0 -Wno-float-equal -Wfloat-equal 

Code:
 int i;

Compiler stdout:
 
Compiler stderr:
 
Compiler for C supports arguments -Wno-float-equal -Wfloat-equal: YES 
Pkg-config binary for MachineChoice.HOST is cached.
Determining dependency 'gnutls' with pkg-config executable '/usr/bin/pkg-config'
PKG_CONFIG_PATH: 
Called `/usr/bin/pkg-config --modversion gnutls` -> 0
3.6.13
PKG_CONFIG_PATH: 
Called `/usr/bin/pkg-config --cflags gnutls` -> 0
-I/usr/include/p11-kit-1
PKG_CONFIG_PATH: 
Called `/usr/bin/pkg-config gnutls --libs` -> 0
-L/usr/lib/x86_64-linux-gnu -lgnutls
PKG_CONFIG_PATH: 
Called `/usr/bin/pkg-config gnutls --libs` -> 0
-lgnutls
Run-time dependency gnutls found: YES 3.6.13
Pkg-config binary for MachineChoice.HOST is cached.
Determining dependency 'libssl' with pkg-config executable '/usr/bin/pkg-config'
PKG_CONFIG_PATH: 
Called `/usr/bin/pkg-config --modversion libssl` -> 0
1.1.1f
PKG_CONFIG_PATH: 
Called `/usr/bin/pkg-config --cflags libssl` -> 0

PKG_CONFIG_PATH: 
Called `/usr/bin/pkg-config libssl --libs` -> 0
-L/usr/lib/x86_64-linux-gnu -lssl
PKG_CONFIG_PATH: 
Called `/usr/bin/pkg-config libssl --libs` -> 0
-lssl
Run-time dependency libssl found: YES 1.1.1f
Pkg-config binary for MachineChoice.HOST is cached.
Determining dependency 'libcrypto' with pkg-config executable '/usr/bin/pkg-config'
PKG_CONFIG_PATH: 
Called `/usr/bin/pkg-config --modversion libcrypto` -> 0
1.1.1f
PKG_CONFIG_PATH: 
Called `/usr/bin/pkg-config --cflags libcrypto` -> 0

PKG_CONFIG_PATH: 
Called `/usr/bin/pkg-config libcrypto --libs` -> 0
-L/usr/lib/x86_64-linux-gnu -lcrypto
PKG_CONFIG_PATH: 
Called `/usr/bin/pkg-config libcrypto --libs` -> 0
-lcrypto
Run-time dependency libcrypto found: YES 1.1.1f
Pkg-config binary for MachineChoice.HOST is cached.
Determining dependency 'libnghttp2' with pkg-config executable '/usr/bin/pkg-config'
PKG_CONFIG_PATH: 
Called `/usr/bin/pkg-config --modversion libnghttp2` -> 0
1.40.0
PKG_CONFIG_PATH: 
Called `/usr/bin/pkg-config --cflags libnghttp2` -> 0

PKG_CONFIG_PATH: 
Called `/usr/bin/pkg-config libnghttp2 --libs` -> 0
-L/usr/lib/x86_64-linux-gnu -lnghttp2
PKG_CONFIG_PATH: 
Called `/usr/bin/pkg-config libnghttp2 --libs` -> 0
-lnghttp2
Run-time dependency libnghttp2 found: YES 1.40.0
Dependency libmicrohttpd found: YES 0.9.66 (cached)
Pkg-config binary for MachineChoice.HOST is cached.
Determining dependency 'libcurl' with pkg-config executable '/usr/bin/pkg-config'
PKG_CONFIG_PATH: 
Called `/usr/bin/pkg-config --modversion libcurl` -> 0
7.68.0
PKG_CONFIG_PATH: 
Called `/usr/bin/pkg-config --cflags libcurl` -> 0
-I/usr/include/x86_64-linux-gnu
PKG_CONFIG_PATH: 
Called `/usr/bin/pkg-config libcurl --libs` -> 0
-L/usr/lib/x86_64-linux-gnu -lcurl
PKG_CONFIG_PATH: 
Called `/usr/bin/pkg-config libcurl --libs` -> 0
-lcurl
Run-time dependency libcurl found: YES 7.68.0
Running command: /usr/bin/git describe --abbrev=7 --dirty=+
--- stdout ---

--- stderr ---
fatal: No names found, cannot describe anything.


Configuring version.h using configuration
Using cached compile:
Cached command line:  cc /home/open5gs/open5gs/build/meson-private/tmpkpms1hdp/testfile.c -pipe -E -P -D_FILE_OFFSET_BITS=64 -P -O0 -std=gnu89 

Code:
 
        #ifdef __has_include
         #if !__has_include("ifaddrs.h")
          #error "Header 'ifaddrs.h' could not be found"
         #endif
        #else
         #include <ifaddrs.h>
        #endif
Cached compiler stdout:
 
Cached compiler stderr:
 
Has header "ifaddrs.h" : YES (cached)
Running compile:
Working directory:  /home/open5gs/open5gs/build/meson-private/tmp4iuqa9dx
Command line:  cc /home/open5gs/open5gs/build/meson-private/tmp4iuqa9dx/testfile.c -pipe -E -P -D_FILE_OFFSET_BITS=64 -P -O0 -std=gnu89 

Code:
 
        #ifdef __has_include
         #if !__has_include("net/ethernet.h")
          #error "Header 'net/ethernet.h' could not be found"
         #endif
        #else
         #include <net/ethernet.h>
        #endif
Compiler stdout:
 
Compiler stderr:
 
Has header "net/ethernet.h" : YES 
Using cached compile:
Cached command line:  cc /home/open5gs/open5gs/build/meson-private/tmp7jmlmzl3/testfile.c -pipe -E -P -D_FILE_OFFSET_BITS=64 -P -O0 -std=gnu89 

Code:
 
        #ifdef __has_include
         #if !__has_include("net/if.h")
          #error "Header 'net/if.h' could not be found"
         #endif
        #else
         #include <net/if.h>
        #endif
Cached compiler stdout:
 
Cached compiler stderr:
 
Has header "net/if.h" : YES (cached)
Running compile:
Working directory:  /home/open5gs/open5gs/build/meson-private/tmpa7e4245t
Command line:  cc /home/open5gs/open5gs/build/meson-private/tmpa7e4245t/testfile.c -pipe -E -P -D_FILE_OFFSET_BITS=64 -P -O0 -std=gnu89 

Code:
 
        #ifdef __has_include
         #if !__has_include("net/if_dl.h")
          #error "Header 'net/if_dl.h' could not be found"
         #endif
        #else
         #include <net/if_dl.h>
        #endif
Compiler stdout:
 
Compiler stderr:
 /home/open5gs/open5gs/build/meson-private/tmpa7e4245t/testfile.c:4:12: error: #error "Header 'net/if_dl.h' could not be found"
    4 |           #error "Header 'net/if_dl.h' could not be found"
      |            ^~~~~

Has header "net/if_dl.h" : NO 
Using cached compile:
Cached command line:  cc /home/open5gs/open5gs/build/meson-private/tmppidd4dry/testfile.c -pipe -E -P -D_FILE_OFFSET_BITS=64 -P -O0 -std=gnu89 

Code:
 
        #ifdef __has_include
         #if !__has_include("netinet/in.h")
          #error "Header 'netinet/in.h' could not be found"
         #endif
        #else
         #include <netinet/in.h>
        #endif
Cached compiler stdout:
 
Cached compiler stderr:
 
Has header "netinet/in.h" : YES (cached)
Using cached compile:
Cached command line:  cc /home/open5gs/open5gs/build/meson-private/tmpmc9ypwl5/testfile.c -pipe -E -P -D_FILE_OFFSET_BITS=64 -P -O0 -std=gnu89 

Code:
 
        #ifdef __has_include
         #if !__has_include("netinet/ip.h")
          #error "Header 'netinet/ip.h' could not be found"
         #endif
        #else
         #include <netinet/ip.h>
        #endif
Cached compiler stdout:
 
Cached compiler stderr:
 
Has header "netinet/ip.h" : YES (cached)
Using cached compile:
Cached command line:  cc /home/open5gs/open5gs/build/meson-private/tmp4s67sjd1/testfile.c -pipe -E -P -D_FILE_OFFSET_BITS=64 -P -O0 -std=gnu89 

Code:
 
        #ifdef __has_include
         #if !__has_include("netinet/ip6.h")
          #error "Header 'netinet/ip6.h' could not be found"
         #endif
        #else
         #include <netinet/ip6.h>
        #endif
Cached compiler stdout:
 
Cached compiler stderr:
 
Has header "netinet/ip6.h" : YES (cached)
Running compile:
Working directory:  /home/open5gs/open5gs/build/meson-private/tmppx804pxx
Command line:  cc /home/open5gs/open5gs/build/meson-private/tmppx804pxx/testfile.c -pipe -E -P -D_FILE_OFFSET_BITS=64 -P -O0 -std=gnu89 

Code:
 
        #ifdef __has_include
         #if !__has_include("netinet/ip_icmp.h")
          #error "Header 'netinet/ip_icmp.h' could not be found"
         #endif
        #else
         #include <netinet/ip_icmp.h>
        #endif
Compiler stdout:
 
Compiler stderr:
 
Has header "netinet/ip_icmp.h" : YES 
Running compile:
Working directory:  /home/open5gs/open5gs/build/meson-private/tmp9lriws5c
Command line:  cc /home/open5gs/open5gs/build/meson-private/tmp9lriws5c/testfile.c -pipe -E -P -D_FILE_OFFSET_BITS=64 -P -O0 -std=gnu89 

Code:
 
        #ifdef __has_include
         #if !__has_include("netinet/icmp6.h")
          #error "Header 'netinet/icmp6.h' could not be found"
         #endif
        #else
         #include <netinet/icmp6.h>
        #endif
Compiler stdout:
 
Compiler stderr:
 
Has header "netinet/icmp6.h" : YES 
Using cached compile:
Cached command line:  cc /home/open5gs/open5gs/build/meson-private/tmp8ihtgsay/testfile.c -pipe -E -P -D_FILE_OFFSET_BITS=64 -P -O0 -std=gnu89 

Code:
 
        #ifdef __has_include
         #if !__has_include("sys/ioctl.h")
          #error "Header 'sys/ioctl.h' could not be found"
         #endif
        #else
         #include <sys/ioctl.h>
        #endif
Cached compiler stdout:
 
Cached compiler stderr:
 
Has header "sys/ioctl.h" : YES (cached)
Using cached compile:
Cached command line:  cc /home/open5gs/open5gs/build/meson-private/tmppxgvcypx/testfile.c -pipe -E -P -D_FILE_OFFSET_BITS=64 -P -O0 -std=gnu89 

Code:
 
        #ifdef __has_include
         #if !__has_include("sys/socket.h")
          #error "Header 'sys/socket.h' could not be found"
         #endif
        #else
         #include <sys/socket.h>
        #endif
Cached compiler stdout:
 
Cached compiler stderr:
 
Has header "sys/socket.h" : YES (cached)
Configuring upf-config.h using configuration
Pkg-config binary for MachineChoice.HOST is cached.
Determining dependency 'libtins' with pkg-config executable '/usr/bin/pkg-config'
PKG_CONFIG_PATH: 
Called `/usr/bin/pkg-config --modversion libtins` -> 0
4.0
PKG_CONFIG_PATH: 
Called `/usr/bin/pkg-config --cflags libtins` -> 0
-I/usr/include/tins
PKG_CONFIG_PATH: 
Called `/usr/bin/pkg-config libtins --libs` -> 0
-L/usr/lib -ltins
PKG_CONFIG_PATH: 
Called `/usr/bin/pkg-config libtins --libs` -> 0
-ltins
Run-time dependency libtins found: YES 4.0
Using cached compile:
Cached command line:  cc /home/open5gs/open5gs/build/meson-private/tmp7jmlmzl3/testfile.c -pipe -E -P -D_FILE_OFFSET_BITS=64 -P -O0 -std=gnu89 

Code:
 
        #ifdef __has_include
         #if !__has_include("net/if.h")
          #error "Header 'net/if.h' could not be found"
         #endif
        #else
         #include <net/if.h>
        #endif
Cached compiler stdout:
 
Cached compiler stderr:
 
Has header "net/if.h" : YES (cached)
Using cached compile:
Cached command line:  cc /home/open5gs/open5gs/build/meson-private/tmpmc9ypwl5/testfile.c -pipe -E -P -D_FILE_OFFSET_BITS=64 -P -O0 -std=gnu89 

Code:
 
        #ifdef __has_include
         #if !__has_include("netinet/ip.h")
          #error "Header 'netinet/ip.h' could not be found"
         #endif
        #else
         #include <netinet/ip.h>
        #endif
Cached compiler stdout:
 
Cached compiler stderr:
 
Has header "netinet/ip.h" : YES (cached)
Using cached compile:
Cached command line:  cc /home/open5gs/open5gs/build/meson-private/tmp4s67sjd1/testfile.c -pipe -E -P -D_FILE_OFFSET_BITS=64 -P -O0 -std=gnu89 

Code:
 
        #ifdef __has_include
         #if !__has_include("netinet/ip6.h")
          #error "Header 'netinet/ip6.h' could not be found"
         #endif
        #else
         #include <netinet/ip6.h>
        #endif
Cached compiler stdout:
 
Cached compiler stderr:
 
Has header "netinet/ip6.h" : YES (cached)
Using cached compile:
Cached command line:  cc /home/open5gs/open5gs/build/meson-private/tmppx804pxx/testfile.c -pipe -E -P -D_FILE_OFFSET_BITS=64 -P -O0 -std=gnu89 

Code:
 
        #ifdef __has_include
         #if !__has_include("netinet/ip_icmp.h")
          #error "Header 'netinet/ip_icmp.h' could not be found"
         #endif
        #else
         #include <netinet/ip_icmp.h>
        #endif
Cached compiler stdout:
 
Cached compiler stderr:
 
Has header "netinet/ip_icmp.h" : YES (cached)
Using cached compile:
Cached command line:  cc /home/open5gs/open5gs/build/meson-private/tmp9lriws5c/testfile.c -pipe -E -P -D_FILE_OFFSET_BITS=64 -P -O0 -std=gnu89 

Code:
 
        #ifdef __has_include
         #if !__has_include("netinet/icmp6.h")
          #error "Header 'netinet/icmp6.h' could not be found"
         #endif
        #else
         #include <netinet/icmp6.h>
        #endif
Cached compiler stdout:
 
Cached compiler stderr:
 
Has header "netinet/icmp6.h" : YES (cached)
Configuring smf-config.h using configuration
Configuring open5gs-dbctl using configuration
Running compile:
Working directory:  /home/open5gs/open5gs/build/meson-private/tmpoxeka1is
Command line:  cc /home/open5gs/open5gs/build/meson-private/tmpoxeka1is/testfile.c -o /home/open5gs/open5gs/build/meson-private/tmpoxeka1is/output.obj -pipe -c -D_FILE_OFFSET_BITS=64 -O0 -Wno-missing-prototypes -Wmissing-prototypes 

Code:
 int i;

Compiler stdout:
 
Compiler stderr:
 
Compiler for C supports arguments -Wno-missing-prototypes -Wmissing-prototypes: YES 
Running compile:
Working directory:  /home/open5gs/open5gs/build/meson-private/tmpk9_py9or
Command line:  cc /home/open5gs/open5gs/build/meson-private/tmpk9_py9or/testfile.c -o /home/open5gs/open5gs/build/meson-private/tmpk9_py9or/output.obj -pipe -c -D_FILE_OFFSET_BITS=64 -O0 -Wno-missing-declarations -Wmissing-declarations 

Code:
 int i;

Compiler stdout:
 
Compiler stderr:
 
Compiler for C supports arguments -Wno-missing-declarations -Wmissing-declarations: YES 
Running compile:
Working directory:  /home/open5gs/open5gs/build/meson-private/tmph6ep3_fd
Command line:  cc /home/open5gs/open5gs/build/meson-private/tmph6ep3_fd/testfile.c -o /home/open5gs/open5gs/build/meson-private/tmph6ep3_fd/output.obj -pipe -c -D_FILE_OFFSET_BITS=64 -O0 -Wno-discarded-qualifiers -Wdiscarded-qualifiers 

Code:
 int i;

Compiler stdout:
 
Compiler stderr:
 
Compiler for C supports arguments -Wno-discarded-qualifiers -Wdiscarded-qualifiers: YES 
Running compile:
Working directory:  /home/open5gs/open5gs/build/meson-private/tmpk24ze88m
Command line:  cc /home/open5gs/open5gs/build/meson-private/tmpk24ze88m/testfile.c -o /home/open5gs/open5gs/build/meson-private/tmpk24ze88m/output.obj -pipe -c -D_FILE_OFFSET_BITS=64 -O0 -Wno-incompatible-pointer-types -Wincompatible-pointer-types 

Code:
 int i;

Compiler stdout:
 
Compiler stderr:
 
Compiler for C supports arguments -Wno-incompatible-pointer-types -Wincompatible-pointer-types: YES 
Running compile:
Working directory:  /home/open5gs/open5gs/build/meson-private/tmp17_ihmsm
Command line:  cc /home/open5gs/open5gs/build/meson-private/tmp17_ihmsm/testfile.c -o /home/open5gs/open5gs/build/meson-private/tmp17_ihmsm/output.obj -pipe -c -D_FILE_OFFSET_BITS=64 -O0 -Wno-unused-variable -Wunused-variable 

Code:
 int i;

Compiler stdout:
 
Compiler stderr:
 
Compiler for C supports arguments -Wno-unused-variable -Wunused-variable: YES 
Running compile:
Working directory:  /home/open5gs/open5gs/build/meson-private/tmplu203wi5
Command line:  cc /home/open5gs/open5gs/build/meson-private/tmplu203wi5/testfile.c -o /home/open5gs/open5gs/build/meson-private/tmplu203wi5/output.obj -pipe -c -D_FILE_OFFSET_BITS=64 -O0 -Wno-deprecated-declarations -Wdeprecated-declarations 

Code:
 int i;

Compiler stdout:
 
Compiler stderr:
 
Compiler for C supports arguments -Wno-deprecated-declarations -Wdeprecated-declarations: YES 
Adding test "core"
Adding test "crypt"
Adding test "sctp"
Adding test "unit"
Configuring test-config-private.h using configuration
Adding test "registration"
Adding test "vonr"
Adding test "slice"
Adding test "attach"
Adding test "volte"
Adding test "csfb"
Adding test "310014"
Adding test "handover"
Adding test "non3gpp"
Adding test "transfer"
Message: 
        prefix:                       /home/open5gs/open5gs/install
        libdir:                       /home/open5gs/open5gs/install/lib/x86_64-linux-gnu
        bindir:                       /home/open5gs/open5gs/install/bin
        sysconfdir:                   /home/open5gs/open5gs/install/etc
        localstatedir:                /home/open5gs/open5gs/install/var
        build location:               /home/open5gs/open5gs/build
        source location:              /home/open5gs/open5gs
        compiler:                     gcc
        debugging support:            debug

Build targets in project: 100
WARNING: Project specifies a minimum meson_version '>= 0.43.0' but uses features which were added in newer versions:
 * 0.47.0: {'check arg in run_command'}
 * 0.51.0: {'subproject'}

open5gs 2.7.2

  Subprojects
           freeDiameter: YES
    prometheus-client-c: YES

Found ninja-1.10.0 at /usr/bin/ninja
